<?xml version="1.0" encoding="utf-8"?><testsuites name="pytest tests"><testsuite name="pytest" errors="0" failures="0" skipped="0" tests="18" time="6.987" timestamp="2026-02-28T20:56:19.747004+00:00" hostname="agent-env-256de277-ea9d-4d23-a77b-9957439ae573"><testcase classname="tests.test_admin_monitoring_security_analytics.TestAdminMonitoringDashboard" name="test_monitoring_dashboard_returns_200" time="0.467" /><testcase classname="tests.test_admin_monitoring_security_analytics.TestAdminMonitoringDashboard" name="test_monitoring_dashboard_structure" time="0.452" /><testcase classname="tests.test_admin_monitoring_security_analytics.TestAdminMonitoringDashboard" name="test_monitoring_dashboard_data_types" time="0.465" /><testcase classname="tests.test_admin_monitoring_security_analytics.TestAdminSystemHealth" name="test_system_health_returns_200" time="0.615" /><testcase classname="tests.test_admin_monitoring_security_analytics.TestAdminSystemHealth" name="test_system_health_structure" time="0.649" /><testcase classname="tests.test_admin_monitoring_security_analytics.TestAdminSystemHealth" name="test_system_health_database_connected" time="0.627" /><testcase classname="tests.test_admin_monitoring_security_analytics.TestAdminSecurityPolicies" name="test_security_policies_get_returns_200" time="0.161" /><testcase classname="tests.test_admin_monitoring_security_analytics.TestAdminSecurityPolicies" name="test_security_policies_structure" time="0.149" /><testcase classname="tests.test_admin_monitoring_security_analytics.TestAdminSecurityPolicies" name="test_security_policies_update" time="0.751" /><testcase classname="tests.test_admin_monitoring_security_analytics.TestAdminSecurityPolicies" name="test_security_policies_data_types" time="0.160" /><testcase classname="tests.test_admin_monitoring_security_analytics.TestAdminMeetingAnalytics" name="test_meeting_analytics_returns_200" time="0.308" /><testcase classname="tests.test_admin_monitoring_security_analytics.TestAdminMeetingAnalytics" name="test_meeting_analytics_structure" time="0.299" /><testcase classname="tests.test_admin_monitoring_security_analytics.TestAdminMeetingAnalytics" name="test_meeting_analytics_date_range_7_days" time="0.324" /><testcase classname="tests.test_admin_monitoring_security_analytics.TestAdminMeetingAnalytics" name="test_meeting_analytics_date_range_14_days" time="0.343" /><testcase classname="tests.test_admin_monitoring_security_analytics.TestAdminMeetingAnalytics" name="test_meeting_analytics_date_range_30_days" time="0.277" /><testcase classname="tests.test_admin_monitoring_security_analytics.TestAdminMeetingAnalytics" name="test_meeting_analytics_date_range_90_days" time="0.277" /><testcase classname="tests.test_admin_monitoring_security_analytics.TestAdminMeetingAnalytics" name="test_meeting_analytics_top_creators_structure" time="0.305" /><testcase classname="tests.test_admin_monitoring_security_analytics.TestAdminMeetingAnalytics" name="test_meeting_analytics_peak_hours_structure" time="0.302" /></testsuite></testsuites>