<?xml version="1.0" encoding="utf-8"?><testsuites name="pytest tests"><testsuite name="pytest" errors="0" failures="0" skipped="0" tests="19" time="8.253" timestamp="2026-03-04T19:48:20.541600+00:00" hostname="agent-env-bccfe7d0-3467-47df-9e6f-5e1b1548d21d"><testcase classname="backend.tests.test_admin_portal_enhancements.TestAdminWorkspacesAPI" name="test_get_workspace_stats" time="0.962" /><testcase classname="backend.tests.test_admin_portal_enhancements.TestAdminWorkspacesAPI" name="test_get_all_workspaces" time="0.615" /><testcase classname="backend.tests.test_admin_portal_enhancements.TestAdminWorkspacesAPI" name="test_workspaces_search_filter" time="0.636" /><testcase classname="backend.tests.test_admin_portal_enhancements.TestAdminWorkspacesAPI" name="test_workspaces_status_filter" time="0.195" /><testcase classname="backend.tests.test_admin_portal_enhancements.TestAdminWorkspacesAPI" name="test_get_workspace_details" time="0.792" /><testcase classname="backend.tests.test_admin_portal_enhancements.TestAdminWorkspacesAPI" name="test_get_workspace_members" time="0.539" /><testcase classname="backend.tests.test_admin_portal_enhancements.TestAdminWorkspacesAPI" name="test_workspace_not_found" time="0.150" /><testcase classname="backend.tests.test_admin_portal_enhancements.TestAdminChatModerationAPI" name="test_get_moderation_stats" time="0.436" /><testcase classname="backend.tests.test_admin_portal_enhancements.TestAdminChatModerationAPI" name="test_get_messages_for_moderation" time="0.229" /><testcase classname="backend.tests.test_admin_portal_enhancements.TestAdminChatModerationAPI" name="test_get_flagged_messages" time="0.202" /><testcase classname="backend.tests.test_admin_portal_enhancements.TestAdminChatModerationAPI" name="test_get_chat_analytics" time="0.257" /><testcase classname="backend.tests.test_admin_portal_enhancements.TestAdminChatModerationAPI" name="test_get_moderation_logs" time="0.205" /><testcase classname="backend.tests.test_admin_portal_enhancements.TestAdminShiftsAPI" name="test_get_shift_stats" time="0.461" /><testcase classname="backend.tests.test_admin_portal_enhancements.TestAdminShiftsAPI" name="test_get_todays_shifts" time="0.329" /><testcase classname="backend.tests.test_admin_portal_enhancements.TestAdminShiftsAPI" name="test_get_all_shifts" time="0.486" /><testcase classname="backend.tests.test_admin_portal_enhancements.TestAdminShiftsAPI" name="test_get_shifts_with_filters" time="0.505" /><testcase classname="backend.tests.test_admin_portal_enhancements.TestAdminShiftsAPI" name="test_get_timesheets" time="0.210" /><testcase classname="backend.tests.test_admin_portal_enhancements.TestAdminShiftsAPI" name="test_get_shift_analytics" time="0.493" /><testcase classname="backend.tests.test_admin_portal_enhancements.TestAdminShiftsAPI" name="test_export_shifts" time="0.451" /></testsuite></testsuites>