<?xml version="1.0" encoding="utf-8"?><testsuites name="pytest tests"><testsuite name="pytest" errors="0" failures="2" skipped="0" tests="18" time="28.057" timestamp="2026-02-28T20:55:22.148358+00:00" hostname="agent-env-256de277-ea9d-4d23-a77b-9957439ae573"><testcase classname="tests.test_admin_monitoring_security_analytics.TestAdminMonitoringDashboard" name="test_monitoring_dashboard_returns_200" time="21.351" /><testcase classname="tests.test_admin_monitoring_security_analytics.TestAdminMonitoringDashboard" name="test_monitoring_dashboard_structure" time="0.480" /><testcase classname="tests.test_admin_monitoring_security_analytics.TestAdminMonitoringDashboard" name="test_monitoring_dashboard_data_types" time="0.458" /><testcase classname="tests.test_admin_monitoring_security_analytics.TestAdminSystemHealth" name="test_system_health_returns_200" time="0.668" /><testcase classname="tests.test_admin_monitoring_security_analytics.TestAdminSystemHealth" name="test_system_health_structure" time="0.664" /><testcase classname="tests.test_admin_monitoring_security_analytics.TestAdminSystemHealth" name="test_system_health_database_connected" time="0.693" /><testcase classname="tests.test_admin_monitoring_security_analytics.TestAdminSecurityPolicies" name="test_security_policies_get_returns_200" time="0.147" /><testcase classname="tests.test_admin_monitoring_security_analytics.TestAdminSecurityPolicies" name="test_security_policies_structure" time="0.189"><failure message="AssertionError: Missing password_require_special&#10;assert 'password_require_special' in {'id': 'default', 'password_min_length': 8, 'password_require_numbers': True, 'password_require_uppercase': True, ...}">tests/test_admin_monitoring_security_analytics.py:119: in test_security_policies_structure
    assert "password_require_special" in data, "Missing password_require_special"
E   AssertionError: Missing password_require_special
E   assert 'password_require_special' in {'id': 'default', 'password_min_length': 8, 'password_require_numbers': True, 'password_require_uppercase': True, ...}</failure></testcase><testcase classname="tests.test_admin_monitoring_security_analytics.TestAdminSecurityPolicies" name="test_security_policies_update" time="0.731" /><testcase classname="tests.test_admin_monitoring_security_analytics.TestAdminSecurityPolicies" name="test_security_policies_data_types" time="0.181"><failure message="KeyError: 'session_timeout_minutes'">tests/test_admin_monitoring_security_analytics.py:174: in test_security_policies_data_types
    assert isinstance(data["session_timeout_minutes"], int), "session_timeout_minutes should be int"
                      ^^^^^^^^^^^^^^^^^^^^^^^^^^^^^^^
E   KeyError: 'session_timeout_minutes'</failure></testcase><testcase classname="tests.test_admin_monitoring_security_analytics.TestAdminMeetingAnalytics" name="test_meeting_analytics_returns_200" time="0.290" /><testcase classname="tests.test_admin_monitoring_security_analytics.TestAdminMeetingAnalytics" name="test_meeting_analytics_structure" time="0.287" /><testcase classname="tests.test_admin_monitoring_security_analytics.TestAdminMeetingAnalytics" name="test_meeting_analytics_date_range_7_days" time="0.288" /><testcase classname="tests.test_admin_monitoring_security_analytics.TestAdminMeetingAnalytics" name="test_meeting_analytics_date_range_14_days" time="0.315" /><testcase classname="tests.test_admin_monitoring_security_analytics.TestAdminMeetingAnalytics" name="test_meeting_analytics_date_range_30_days" time="0.285" /><testcase classname="tests.test_admin_monitoring_security_analytics.TestAdminMeetingAnalytics" name="test_meeting_analytics_date_range_90_days" time="0.278" /><testcase classname="tests.test_admin_monitoring_security_analytics.TestAdminMeetingAnalytics" name="test_meeting_analytics_top_creators_structure" time="0.294" /><testcase classname="tests.test_admin_monitoring_security_analytics.TestAdminMeetingAnalytics" name="test_meeting_analytics_peak_hours_structure" time="0.343" /></testsuite></testsuites>