<?xml version="1.0" encoding="utf-8"?><testsuites name="pytest tests"><testsuite name="pytest" errors="0" failures="0" skipped="0" tests="49" time="22.685" timestamp="2026-03-16T03:21:15.809582+00:00" hostname="agent-env-6f3ec730-a307-4bb5-a473-88fa6fadb451"><testcase classname="backend.tests.test_admin_reports_all_types.TestAdminReportsPDF" name="test_pdf_report_returns_200[User Activity]" time="1.015" /><testcase classname="backend.tests.test_admin_reports_all_types.TestAdminReportsPDF" name="test_pdf_report_returns_200[Meeting Summary]" time="0.282" /><testcase classname="backend.tests.test_admin_reports_all_types.TestAdminReportsPDF" name="test_pdf_report_returns_200[System Performance]" time="1.663" /><testcase classname="backend.tests.test_admin_reports_all_types.TestAdminReportsPDF" name="test_pdf_report_returns_200[Security Audit]" time="0.301" /><testcase classname="backend.tests.test_admin_reports_all_types.TestAdminReportsPDF" name="test_pdf_report_returns_200[Storage Usage]" time="0.224" /><testcase classname="backend.tests.test_admin_reports_all_types.TestAdminReportsPDF" name="test_pdf_report_returns_200[Revenue &amp; Billing]" time="0.207" /><testcase classname="backend.tests.test_admin_reports_all_types.TestAdminReportsPDF" name="test_pdf_report_returns_200[Subscriptions]" time="0.240" /><testcase classname="backend.tests.test_admin_reports_all_types.TestAdminReportsPDF" name="test_pdf_report_content_type[User Activity]" time="0.320" /><testcase classname="backend.tests.test_admin_reports_all_types.TestAdminReportsPDF" name="test_pdf_report_content_type[Meeting Summary]" time="0.190" /><testcase classname="backend.tests.test_admin_reports_all_types.TestAdminReportsPDF" name="test_pdf_report_content_type[System Performance]" time="1.601" /><testcase classname="backend.tests.test_admin_reports_all_types.TestAdminReportsPDF" name="test_pdf_report_content_type[Security Audit]" time="0.256" /><testcase classname="backend.tests.test_admin_reports_all_types.TestAdminReportsPDF" name="test_pdf_report_content_type[Storage Usage]" time="0.201" /><testcase classname="backend.tests.test_admin_reports_all_types.TestAdminReportsPDF" name="test_pdf_report_content_type[Revenue &amp; Billing]" time="0.160" /><testcase classname="backend.tests.test_admin_reports_all_types.TestAdminReportsPDF" name="test_pdf_report_content_type[Subscriptions]" time="0.261" /><testcase classname="backend.tests.test_admin_reports_all_types.TestAdminReportsPDF" name="test_pdf_report_has_content[User Activity]" time="0.249" /><testcase classname="backend.tests.test_admin_reports_all_types.TestAdminReportsPDF" name="test_pdf_report_has_content[Meeting Summary]" time="0.178" /><testcase classname="backend.tests.test_admin_reports_all_types.TestAdminReportsPDF" name="test_pdf_report_has_content[System Performance]" time="1.588" /><testcase classname="backend.tests.test_admin_reports_all_types.TestAdminReportsPDF" name="test_pdf_report_has_content[Security Audit]" time="0.200" /><testcase classname="backend.tests.test_admin_reports_all_types.TestAdminReportsPDF" name="test_pdf_report_has_content[Storage Usage]" time="0.190" /><testcase classname="backend.tests.test_admin_reports_all_types.TestAdminReportsPDF" name="test_pdf_report_has_content[Revenue &amp; Billing]" time="0.157" /><testcase classname="backend.tests.test_admin_reports_all_types.TestAdminReportsPDF" name="test_pdf_report_has_content[Subscriptions]" time="0.228" /><testcase classname="backend.tests.test_admin_reports_all_types.TestAdminReportsExcel" name="test_excel_report_returns_200[User Activity]" time="0.476" /><testcase classname="backend.tests.test_admin_reports_all_types.TestAdminReportsExcel" name="test_excel_report_returns_200[Meeting Summary]" time="0.253" /><testcase classname="backend.tests.test_admin_reports_all_types.TestAdminReportsExcel" name="test_excel_report_returns_200[System Performance]" time="1.619" /><testcase classname="backend.tests.test_admin_reports_all_types.TestAdminReportsExcel" name="test_excel_report_returns_200[Security Audit]" time="0.221" /><testcase classname="backend.tests.test_admin_reports_all_types.TestAdminReportsExcel" name="test_excel_report_returns_200[Storage Usage]" time="0.240" /><testcase classname="backend.tests.test_admin_reports_all_types.TestAdminReportsExcel" name="test_excel_report_returns_200[Revenue &amp; Billing]" time="0.187" /><testcase classname="backend.tests.test_admin_reports_all_types.TestAdminReportsExcel" name="test_excel_report_returns_200[Subscriptions]" time="0.207" /><testcase classname="backend.tests.test_admin_reports_all_types.TestAdminReportsExcel" name="test_excel_report_content_type[User Activity]" time="0.259" /><testcase classname="backend.tests.test_admin_reports_all_types.TestAdminReportsExcel" name="test_excel_report_content_type[Meeting Summary]" time="0.202" /><testcase classname="backend.tests.test_admin_reports_all_types.TestAdminReportsExcel" name="test_excel_report_content_type[System Performance]" time="1.668" /><testcase classname="backend.tests.test_admin_reports_all_types.TestAdminReportsExcel" name="test_excel_report_content_type[Security Audit]" time="0.204" /><testcase classname="backend.tests.test_admin_reports_all_types.TestAdminReportsExcel" name="test_excel_report_content_type[Storage Usage]" time="0.237" /><testcase classname="backend.tests.test_admin_reports_all_types.TestAdminReportsExcel" name="test_excel_report_content_type[Revenue &amp; Billing]" time="0.168" /><testcase classname="backend.tests.test_admin_reports_all_types.TestAdminReportsExcel" name="test_excel_report_content_type[Subscriptions]" time="0.273" /><testcase classname="backend.tests.test_admin_reports_all_types.TestAdminReportsExcel" name="test_excel_report_has_content[User Activity]" time="0.336" /><testcase classname="backend.tests.test_admin_reports_all_types.TestAdminReportsExcel" name="test_excel_report_has_content[Meeting Summary]" time="0.187" /><testcase classname="backend.tests.test_admin_reports_all_types.TestAdminReportsExcel" name="test_excel_report_has_content[System Performance]" time="1.852" /><testcase classname="backend.tests.test_admin_reports_all_types.TestAdminReportsExcel" name="test_excel_report_has_content[Security Audit]" time="0.305" /><testcase classname="backend.tests.test_admin_reports_all_types.TestAdminReportsExcel" name="test_excel_report_has_content[Storage Usage]" time="0.423" /><testcase classname="backend.tests.test_admin_reports_all_types.TestAdminReportsExcel" name="test_excel_report_has_content[Revenue &amp; Billing]" time="0.224" /><testcase classname="backend.tests.test_admin_reports_all_types.TestAdminReportsExcel" name="test_excel_report_has_content[Subscriptions]" time="0.237" /><testcase classname="backend.tests.test_admin_reports_all_types.TestAdminReportsInvalidTypes" name="test_invalid_report_type_returns_400" time="0.151" /><testcase classname="backend.tests.test_admin_reports_all_types.TestAdminReportsInvalidTypes" name="test_missing_type_returns_422" time="0.145" /><testcase classname="backend.tests.test_admin_reports_all_types.TestAdminReportsDateFilters" name="test_user_activity_with_date_filter" time="0.284" /><testcase classname="backend.tests.test_admin_reports_all_types.TestAdminReportsDateFilters" name="test_revenue_billing_with_date_filter" time="0.204" /><testcase classname="backend.tests.test_admin_reports_all_types.TestAdminReportsDateFilters" name="test_report_without_dates" time="1.637" /><testcase classname="backend.tests.test_admin_reports_all_types.TestAdminReportsContentDisposition" name="test_pdf_filename_header" time="0.272" /><testcase classname="backend.tests.test_admin_reports_all_types.TestAdminReportsContentDisposition" name="test_excel_filename_header" time="0.254" /></testsuite></testsuites>