<?xml version="1.0" encoding="utf-8"?><testsuites name="pytest tests"><testsuite name="pytest" errors="0" failures="0" skipped="0" tests="15" time="39.959" timestamp="2026-03-23T15:10:26.959719+00:00" hostname="agent-env-9360a946-0384-4fa9-98a9-5b449b501d46"><testcase classname="backend.tests.test_admin_forms.TestAdminFormTemplatesEndpoints" name="test_get_all_templates" time="34.466" /><testcase classname="backend.tests.test_admin_forms.TestAdminFormTemplatesEndpoints" name="test_get_workspaces_list" time="0.283" /><testcase classname="backend.tests.test_admin_forms.TestAdminFormTemplatesEndpoints" name="test_create_template_with_recipient_emails" time="0.180" /><testcase classname="backend.tests.test_admin_forms.TestAdminFormTemplatesEndpoints" name="test_update_template_with_recipient_emails" time="0.697" /><testcase classname="backend.tests.test_admin_forms.TestAdminFormTemplatesEndpoints" name="test_update_nonexistent_template_returns_404" time="0.200" /><testcase classname="backend.tests.test_admin_forms.TestAdminFormTemplatesEndpoints" name="test_delete_template_and_submissions" time="0.586" /><testcase classname="backend.tests.test_admin_forms.TestAdminFormTemplatesEndpoints" name="test_delete_nonexistent_template_returns_404" time="0.159" /><testcase classname="backend.tests.test_admin_forms.TestAdminFormSubmissionsEndpoints" name="test_get_all_submissions" time="0.498" /><testcase classname="backend.tests.test_admin_forms.TestAdminFormSubmissionsEndpoints" name="test_get_submissions_filtered_by_template" time="0.411" /><testcase classname="backend.tests.test_admin_forms.TestAdminFormSubmissionsEndpoints" name="test_delete_submission" time="0.580" /><testcase classname="backend.tests.test_admin_forms.TestAdminFormSubmissionsEndpoints" name="test_delete_nonexistent_submission_returns_404" time="0.158" /><testcase classname="backend.tests.test_admin_forms.TestWorkspaceFormsUserAccess" name="test_user_can_get_templates" time="0.257" /><testcase classname="backend.tests.test_admin_forms.TestWorkspaceFormsUserAccess" name="test_user_can_submit_form" time="0.722" /><testcase classname="backend.tests.test_admin_forms.TestWorkspaceFormsUserAccess" name="test_user_can_view_own_submissions" time="0.190" /><testcase classname="backend.tests.test_admin_forms.TestCleanup" name="test_cleanup_test_templates" time="0.472" /></testsuite></testsuites>