<?xml version="1.0" encoding="utf-8"?><testsuites name="pytest tests"><testsuite name="pytest" errors="0" failures="0" skipped="0" tests="17" time="2.606" timestamp="2026-02-26T23:54:38.554811+00:00" hostname="agent-env-47711f83-bf70-4f51-b709-ea85eb56805e"><testcase classname="tests.test_admin_coupons_tax.TestCouponsAPI" name="test_get_all_coupons" time="0.256" /><testcase classname="tests.test_admin_coupons_tax.TestCouponsAPI" name="test_create_coupon" time="0.109" /><testcase classname="tests.test_admin_coupons_tax.TestCouponsAPI" name="test_get_coupon_by_code" time="0.127" /><testcase classname="tests.test_admin_coupons_tax.TestCouponsAPI" name="test_update_coupon" time="0.121" /><testcase classname="tests.test_admin_coupons_tax.TestCouponsAPI" name="test_toggle_coupon_status" time="0.117" /><testcase classname="tests.test_admin_coupons_tax.TestCouponsAPI" name="test_delete_coupon" time="0.284" /><testcase classname="tests.test_admin_coupons_tax.TestTaxRatesAPI" name="test_get_all_tax_rates" time="0.123" /><testcase classname="tests.test_admin_coupons_tax.TestTaxRatesAPI" name="test_create_tax_rate" time="0.118" /><testcase classname="tests.test_admin_coupons_tax.TestTaxRatesAPI" name="test_get_tax_rate_by_id" time="0.106" /><testcase classname="tests.test_admin_coupons_tax.TestTaxRatesAPI" name="test_update_tax_rate" time="0.132" /><testcase classname="tests.test_admin_coupons_tax.TestTaxRatesAPI" name="test_toggle_tax_rate_status" time="0.114" /><testcase classname="tests.test_admin_coupons_tax.TestTaxRatesAPI" name="test_delete_tax_rate" time="0.239" /><testcase classname="tests.test_admin_coupons_tax.TestAuditLogsAPI" name="test_get_audit_logs" time="0.131" /><testcase classname="tests.test_admin_coupons_tax.TestAuditLogsAPI" name="test_audit_logs_contain_ip_and_user_agent" time="0.184" /><testcase classname="tests.test_admin_coupons_tax.TestAuditLogsAPI" name="test_export_audit_logs_csv" time="0.108" /><testcase classname="tests.test_admin_coupons_tax.TestAuditLogsAPI" name="test_export_audit_logs_json" time="0.116" /><testcase classname="tests.test_admin_coupons_tax.TestAuditLogsAPI" name="test_audit_logs_summary" time="0.146" /></testsuite></testsuites>