<?xml version="1.0" encoding="utf-8"?><testsuites name="pytest tests"><testsuite name="pytest" errors="0" failures="0" skipped="0" tests="17" time="12.392" timestamp="2026-03-27T18:44:34.592504+00:00" hostname="agent-env-1d6fc0db-7c0d-4244-8fb7-f590da11e74a"><testcase classname="tests.test_ai_chat_api.TestAIChatAuth" name="test_login_success" time="0.548" /><testcase classname="tests.test_ai_chat_api.TestAIChatConversations" name="test_create_conversation" time="0.727" /><testcase classname="tests.test_ai_chat_api.TestAIChatConversations" name="test_list_conversations" time="0.186" /><testcase classname="tests.test_ai_chat_api.TestAIChatConversations" name="test_get_conversation" time="0.441" /><testcase classname="tests.test_ai_chat_api.TestAIChatConversations" name="test_rename_conversation" time="0.647" /><testcase classname="tests.test_ai_chat_api.TestAIChatConversations" name="test_delete_conversation" time="0.936" /><testcase classname="tests.test_ai_chat_api.TestAIChatConversations" name="test_rename_empty_title_fails" time="0.376" /><testcase classname="tests.test_ai_chat_api.TestAIChatConversations" name="test_get_nonexistent_conversation" time="0.236" /><testcase classname="tests.test_ai_chat_api.TestAIChatMessages" name="test_send_message_streaming" time="3.450" /><testcase classname="tests.test_ai_chat_api.TestAIChatMessages" name="test_send_empty_message_fails" time="0.432" /><testcase classname="tests.test_ai_chat_api.TestAIChatMessages" name="test_message_to_nonexistent_conversation" time="0.202" /><testcase classname="tests.test_ai_chat_api.TestAIChatMessages" name="test_conversation_title_auto_updates" time="1.755" /><testcase classname="tests.test_ai_chat_api.TestAIChatFileUpload" name="test_upload_text_file" time="0.857" /><testcase classname="tests.test_ai_chat_api.TestAIChatFileUpload" name="test_upload_without_auth_fails" time="0.110" /><testcase classname="tests.test_ai_chat_api.TestAIChatUnauthorized" name="test_list_conversations_unauthorized" time="0.108" /><testcase classname="tests.test_ai_chat_api.TestAIChatUnauthorized" name="test_create_conversation_unauthorized" time="0.134" /><testcase classname="tests.test_ai_chat_api.TestCleanup" name="test_cleanup_test_conversations" time="1.155" /></testsuite></testsuites>