<?xml version="1.0" encoding="utf-8"?><testsuites name="pytest tests"><testsuite name="pytest" errors="0" failures="1" skipped="0" tests="11" time="23.614" timestamp="2026-02-25T19:29:59.263144+00:00" hostname="agent-env-14c40712-2354-4310-9745-e0782cf5ec21"><testcase classname="backend.tests.test_ai_chat_files.TestHealthCheck" name="test_api_root" time="9.311" /><testcase classname="backend.tests.test_ai_chat_files.TestChatFileUpload" name="test_file_upload_success" time="0.192" /><testcase classname="backend.tests.test_ai_chat_files.TestChatFileUpload" name="test_file_upload_invalid_base64" time="0.226" /><testcase classname="backend.tests.test_ai_chat_files.TestChatFileDownload" name="test_file_upload_and_download" time="0.259" /><testcase classname="backend.tests.test_ai_chat_files.TestChatFileDownload" name="test_file_not_found" time="0.175" /><testcase classname="backend.tests.test_ai_chat_files.TestAIChat" name="test_ai_chat_simple_message" time="3.412" /><testcase classname="backend.tests.test_ai_chat_files.TestAIChat" name="test_ai_chat_empty_message" time="0.252" /><testcase classname="backend.tests.test_ai_chat_files.TestAIChatStream" name="test_ai_chat_stream" time="0.145"><failure message="AssertionError: Should receive at least one chunk&#10;assert 0 &gt; 0&#10; +  where 0 = len([])">backend/tests/test_ai_chat_files.py:236: in test_ai_chat_stream
    assert len(chunks) &gt; 0, "Should receive at least one chunk"
E   AssertionError: Should receive at least one chunk
E   assert 0 &gt; 0
E    +  where 0 = len([])</failure></testcase><testcase classname="backend.tests.test_ai_chat_files.TestTranscriptAnalysis" name="test_transcript_analysis" time="7.412" /><testcase classname="backend.tests.test_ai_chat_files.TestTranscriptAnalysis" name="test_transcript_analysis_empty_text" time="1.664" /><testcase classname="backend.tests.test_ai_chat_files.TestFileDelete" name="test_file_delete" time="0.474" /></testsuite></testsuites>