<?xml version="1.0" encoding="utf-8"?><testsuites name="pytest tests"><testsuite name="pytest" errors="0" failures="0" skipped="0" tests="17" time="11.023" timestamp="2026-03-27T19:01:04.525114+00:00" hostname="agent-env-1d6fc0db-7c0d-4244-8fb7-f590da11e74a"><testcase classname="backend.tests.test_ai_chat_api.TestAIChatAuth" name="test_login_success" time="0.569" /><testcase classname="backend.tests.test_ai_chat_api.TestAIChatConversations" name="test_create_conversation" time="0.754" /><testcase classname="backend.tests.test_ai_chat_api.TestAIChatConversations" name="test_list_conversations" time="0.227" /><testcase classname="backend.tests.test_ai_chat_api.TestAIChatConversations" name="test_get_conversation" time="0.793" /><testcase classname="backend.tests.test_ai_chat_api.TestAIChatConversations" name="test_rename_conversation" time="0.660" /><testcase classname="backend.tests.test_ai_chat_api.TestAIChatConversations" name="test_delete_conversation" time="0.672" /><testcase classname="backend.tests.test_ai_chat_api.TestAIChatConversations" name="test_rename_empty_title_fails" time="0.403" /><testcase classname="backend.tests.test_ai_chat_api.TestAIChatConversations" name="test_get_nonexistent_conversation" time="0.201" /><testcase classname="backend.tests.test_ai_chat_api.TestAIChatMessages" name="test_send_message_streaming" time="2.123" /><testcase classname="backend.tests.test_ai_chat_api.TestAIChatMessages" name="test_send_empty_message_fails" time="0.425" /><testcase classname="backend.tests.test_ai_chat_api.TestAIChatMessages" name="test_message_to_nonexistent_conversation" time="0.222" /><testcase classname="backend.tests.test_ai_chat_api.TestAIChatMessages" name="test_conversation_title_auto_updates" time="1.567" /><testcase classname="backend.tests.test_ai_chat_api.TestAIChatFileUpload" name="test_upload_text_file" time="0.812" /><testcase classname="backend.tests.test_ai_chat_api.TestAIChatFileUpload" name="test_upload_without_auth_fails" time="0.105" /><testcase classname="backend.tests.test_ai_chat_api.TestAIChatUnauthorized" name="test_list_conversations_unauthorized" time="0.109" /><testcase classname="backend.tests.test_ai_chat_api.TestAIChatUnauthorized" name="test_create_conversation_unauthorized" time="0.112" /><testcase classname="backend.tests.test_ai_chat_api.TestCleanup" name="test_cleanup_test_conversations" time="1.203" /></testsuite></testsuites>