<?xml version="1.0" encoding="utf-8"?><testsuites name="pytest tests"><testsuite name="pytest" errors="0" failures="0" skipped="0" tests="14" time="8.770" timestamp="2026-03-16T00:54:10.766188+00:00" hostname="agent-env-6f3ec730-a307-4bb5-a473-88fa6fadb451"><testcase classname="tests.test_analytics_dashboard.TestAnalyticsEndpoint" name="test_analytics_endpoint_returns_200" time="0.796" /><testcase classname="tests.test_analytics_dashboard.TestAnalyticsEndpoint" name="test_analytics_returns_valid_json" time="0.290" /><testcase classname="tests.test_analytics_dashboard.TestAnalyticsEndpoint" name="test_analytics_has_required_fields" time="0.323" /><testcase classname="tests.test_analytics_dashboard.TestSeverityTrend" name="test_severity_trend_is_list" time="2.486" /><testcase classname="tests.test_analytics_dashboard.TestSeverityTrend" name="test_severity_trend_entry_structure" time="0.310" /><testcase classname="tests.test_analytics_dashboard.TestTypeBreakdown" name="test_type_breakdown_is_list" time="0.288" /><testcase classname="tests.test_analytics_dashboard.TestTypeBreakdown" name="test_type_breakdown_entry_structure" time="0.272" /><testcase classname="tests.test_analytics_dashboard.TestTypeBreakdown" name="test_type_breakdown_counts_match_stats" time="1.201" /><testcase classname="tests.test_analytics_dashboard.TestResponseTimes" name="test_response_times_is_list" time="0.328" /><testcase classname="tests.test_analytics_dashboard.TestResponseTimes" name="test_response_times_entry_structure" time="0.271" /><testcase classname="tests.test_analytics_dashboard.TestMonthlySummary" name="test_monthly_summary_is_dict" time="0.331" /><testcase classname="tests.test_analytics_dashboard.TestMonthlySummary" name="test_monthly_summary_has_required_fields" time="0.288" /><testcase classname="tests.test_analytics_dashboard.TestMonthlySummary" name="test_monthly_summary_current_count_matches_severity_trend" time="0.310" /><testcase classname="tests.test_analytics_dashboard.TestAnalyticsDataConsistency" name="test_severity_counts_match_stats" time="1.209" /></testsuite></testsuites>