<?xml version="1.0" encoding="utf-8"?><testsuites name="pytest tests"><testsuite name="pytest" errors="0" failures="0" skipped="0" tests="15" time="23.263" timestamp="2026-03-20T16:41:50.389031+00:00" hostname="agent-env-fcdddf8d-87e2-4d48-af2b-483acff5ba1e"><testcase classname="backend.tests.test_analytics_phase2.TestAnalyticsEnhancedEndpoint" name="test_analytics_returns_200" time="0.757" /><testcase classname="backend.tests.test_analytics_phase2.TestAnalyticsEnhancedEndpoint" name="test_analytics_returns_summary" time="0.204" /><testcase classname="backend.tests.test_analytics_phase2.TestAnalyticsEnhancedEndpoint" name="test_analytics_returns_by_category" time="0.177" /><testcase classname="backend.tests.test_analytics_phase2.TestAnalyticsEnhancedEndpoint" name="test_analytics_returns_by_priority" time="0.210" /><testcase classname="backend.tests.test_analytics_phase2.TestAnalyticsEnhancedEndpoint" name="test_analytics_returns_by_month" time="0.185" /><testcase classname="backend.tests.test_analytics_phase2.TestAnalyticsEnhancedEndpoint" name="test_analytics_returns_bottlenecks" time="0.171" /><testcase classname="backend.tests.test_analytics_phase2.TestAnalyticsEnhancedEndpoint" name="test_analytics_returns_delegation_stats" time="0.208" /><testcase classname="backend.tests.test_analytics_phase2.TestAnalyticsEnhancedEndpoint" name="test_analytics_volume_trend" time="0.407" /><testcase classname="backend.tests.test_analytics_phase2.TestAIInsightsEndpoint" name="test_ai_insights_returns_200" time="7.718" /><testcase classname="backend.tests.test_analytics_phase2.TestAIInsightsEndpoint" name="test_ai_insights_returns_text" time="6.670" /><testcase classname="backend.tests.test_analytics_phase2.TestAIInsightsEndpoint" name="test_ai_insights_content_quality" time="5.659" /><testcase classname="backend.tests.test_analytics_phase2.TestAIInsightsEndpoint" name="test_ai_insights_without_user_id_fails" time="0.168" /><testcase classname="backend.tests.test_analytics_phase2.TestAnalyticsDataIntegrity" name="test_approval_rate_calculation" time="0.222" /><testcase classname="backend.tests.test_analytics_phase2.TestAnalyticsDataIntegrity" name="test_delegation_rate_calculation" time="0.204" /><testcase classname="backend.tests.test_analytics_phase2.TestAnalyticsDataIntegrity" name="test_summary_totals_match_status_breakdown" time="0.213" /></testsuite></testsuites>