<?xml version="1.0" encoding="utf-8"?><testsuites name="pytest tests"><testsuite name="pytest" errors="0" failures="0" skipped="0" tests="27" time="8.074" timestamp="2026-03-19T17:19:39.336679+00:00" hostname="agent-env-9b777df4-7f9b-4e18-906a-2a29875da724"><testcase classname="backend.tests.test_approvals_api.TestApprovalsTemplates" name="test_get_templates_returns_success" time="0.614" /><testcase classname="backend.tests.test_approvals_api.TestApprovalsTemplates" name="test_get_templates_returns_23_default_templates" time="0.185" /><testcase classname="backend.tests.test_approvals_api.TestApprovalsTemplates" name="test_get_templates_returns_6_categories" time="0.221" /><testcase classname="backend.tests.test_approvals_api.TestApprovalsTemplates" name="test_get_templates_template_structure" time="0.181" /><testcase classname="backend.tests.test_approvals_api.TestApprovalsTemplates" name="test_get_templates_filter_by_category" time="0.167" /><testcase classname="backend.tests.test_approvals_api.TestApprovalsTemplates" name="test_get_single_template" time="0.175" /><testcase classname="backend.tests.test_approvals_api.TestApprovalsTemplates" name="test_get_nonexistent_template_returns_404" time="0.170" /><testcase classname="backend.tests.test_approvals_api.TestApprovalsStats" name="test_get_stats_returns_success" time="0.412" /><testcase classname="backend.tests.test_approvals_api.TestApprovalsStats" name="test_get_stats_requires_user_id" time="0.167" /><testcase classname="backend.tests.test_approvals_api.TestApprovalsCRUD" name="test_create_approval_success" time="0.222" /><testcase classname="backend.tests.test_approvals_api.TestApprovalsCRUD" name="test_create_approval_requires_user_id" time="0.141" /><testcase classname="backend.tests.test_approvals_api.TestApprovalsCRUD" name="test_list_approvals_sent_tab" time="0.188" /><testcase classname="backend.tests.test_approvals_api.TestApprovalsCRUD" name="test_list_approvals_received_tab" time="0.226" /><testcase classname="backend.tests.test_approvals_api.TestApprovalsCRUD" name="test_list_approvals_filter_by_status" time="0.183" /><testcase classname="backend.tests.test_approvals_api.TestApprovalsCRUD" name="test_list_approvals_filter_by_priority" time="0.178" /><testcase classname="backend.tests.test_approvals_api.TestApprovalDetail" name="test_get_approval_detail" time="0.512" /><testcase classname="backend.tests.test_approvals_api.TestApprovalDetail" name="test_get_nonexistent_approval_returns_404" time="0.180" /><testcase classname="backend.tests.test_approvals_api.TestApprovalActions" name="test_approve_action" time="0.571" /><testcase classname="backend.tests.test_approvals_api.TestApprovalActions" name="test_reject_action" time="0.552" /><testcase classname="backend.tests.test_approvals_api.TestApprovalActions" name="test_cancel_action" time="0.557" /><testcase classname="backend.tests.test_approvals_api.TestApprovalActions" name="test_action_on_nonexistent_approval_returns_404" time="0.206" /><testcase classname="backend.tests.test_approvals_api.TestApprovalComments" name="test_add_comment_success" time="0.453" /><testcase classname="backend.tests.test_approvals_api.TestApprovalComments" name="test_comment_appears_in_detail" time="0.656" /><testcase classname="backend.tests.test_approvals_api.TestApprovalExport" name="test_export_csv_returns_file" time="0.183" /><testcase classname="backend.tests.test_approvals_api.TestApprovalExport" name="test_export_csv_has_headers" time="0.201" /><testcase classname="backend.tests.test_approvals_api.TestSequentialWorkflow" name="test_sequential_workflow_first_step_pending" time="0.222" /><testcase classname="backend.tests.test_approvals_api.TestParallelWorkflow" name="test_parallel_workflow_all_pending" time="0.239" /></testsuite></testsuites>