<?xml version="1.0" encoding="utf-8"?><testsuites name="pytest tests"><testsuite name="pytest" errors="0" failures="0" skipped="0" tests="17" time="4.716" timestamp="2026-03-19T17:46:34.980921+00:00" hostname="agent-env-9b777df4-7f9b-4e18-906a-2a29875da724"><testcase classname="backend.tests.test_approvals_p1_features.TestAdminTemplateManagement" name="test_get_templates_returns_default_templates" time="0.640" /><testcase classname="backend.tests.test_approvals_p1_features.TestAdminTemplateManagement" name="test_create_custom_template" time="0.107" /><testcase classname="backend.tests.test_approvals_p1_features.TestAdminTemplateManagement" name="test_custom_template_appears_in_list" time="0.100" /><testcase classname="backend.tests.test_approvals_p1_features.TestAdminTemplateManagement" name="test_update_custom_template" time="0.185" /><testcase classname="backend.tests.test_approvals_p1_features.TestAdminTemplateManagement" name="test_get_specific_template" time="0.110" /><testcase classname="backend.tests.test_approvals_p1_features.TestAdminTemplateManagement" name="test_delete_custom_template" time="0.296" /><testcase classname="backend.tests.test_approvals_p1_features.TestAdminTemplateManagement" name="test_cannot_delete_default_template" time="0.106" /><testcase classname="backend.tests.test_approvals_p1_features.TestAdminTemplateManagement" name="test_category_filter_works" time="0.101" /><testcase classname="backend.tests.test_approvals_p1_features.TestApprovalNotifications" name="test_create_approval_generates_notification" time="0.296" /><testcase classname="backend.tests.test_approvals_p1_features.TestApprovalNotifications" name="test_approve_action_generates_notification" time="0.401" /><testcase classname="backend.tests.test_approvals_p1_features.TestApprovalNotifications" name="test_reject_action_generates_notification" time="0.546" /><testcase classname="backend.tests.test_approvals_p1_features.TestApprovalNotifications" name="test_comment_generates_notification" time="0.331" /><testcase classname="backend.tests.test_approvals_p1_features.TestApprovalNotifications" name="test_get_notifications_with_unread_count" time="0.108" /><testcase classname="backend.tests.test_approvals_p1_features.TestApprovalNotifications" name="test_mark_notifications_read" time="0.327" /><testcase classname="backend.tests.test_approvals_p1_features.TestLinkedItemsIntegration" name="test_create_approval_with_linked_meeting" time="0.388" /><testcase classname="backend.tests.test_approvals_p1_features.TestLinkedItemsIntegration" name="test_create_approval_with_linked_files" time="0.364" /><testcase classname="backend.tests.test_approvals_p1_features.TestLinkedItemsIntegration" name="test_create_approval_with_both_meeting_and_files" time="0.245" /></testsuite></testsuites>