<?xml version="1.0" encoding="utf-8"?><testsuites name="pytest tests"><testsuite name="pytest" errors="0" failures="0" skipped="0" tests="21" time="8.474" timestamp="2026-03-19T18:18:29.446856+00:00" hostname="agent-env-9b777df4-7f9b-4e18-906a-2a29875da724"><testcase classname="backend.tests.test_approvals_phase2.TestAnalyticsEndpoint" name="test_analytics_endpoint_returns_200" time="0.688" /><testcase classname="backend.tests.test_approvals_phase2.TestAnalyticsEndpoint" name="test_analytics_returns_volume_trend" time="0.224" /><testcase classname="backend.tests.test_approvals_phase2.TestAnalyticsEndpoint" name="test_analytics_returns_status_breakdown" time="0.190" /><testcase classname="backend.tests.test_approvals_phase2.TestAnalyticsEndpoint" name="test_analytics_returns_category_breakdown" time="0.146" /><testcase classname="backend.tests.test_approvals_phase2.TestAnalyticsEndpoint" name="test_analytics_returns_resolution_by_category" time="0.210" /><testcase classname="backend.tests.test_approvals_phase2.TestAnalyticsEndpoint" name="test_analytics_returns_summary" time="0.167" /><testcase classname="backend.tests.test_approvals_phase2.TestAnalyticsEndpoint" name="test_analytics_approval_rate_calculation" time="0.206" /><testcase classname="backend.tests.test_approvals_phase2.TestAnalyticsEndpoint" name="test_analytics_returns_bottlenecks" time="0.168" /><testcase classname="backend.tests.test_approvals_phase2.TestAnalyticsEndpoint" name="test_analytics_returns_insights" time="0.196" /><testcase classname="backend.tests.test_approvals_phase2.TestDuplicateEndpoint" name="test_duplicate_returns_200" time="0.506" /><testcase classname="backend.tests.test_approvals_phase2.TestDuplicateEndpoint" name="test_duplicate_creates_new_approval" time="1.543" /><testcase classname="backend.tests.test_approvals_phase2.TestDuplicateEndpoint" name="test_duplicate_has_copy_suffix_in_title" time="0.553" /><testcase classname="backend.tests.test_approvals_phase2.TestDuplicateEndpoint" name="test_duplicate_preserves_form_data" time="0.432" /><testcase classname="backend.tests.test_approvals_phase2.TestDuplicateEndpoint" name="test_duplicate_preserves_category" time="0.477" /><testcase classname="backend.tests.test_approvals_phase2.TestDuplicateEndpoint" name="test_duplicate_preserves_priority" time="0.476" /><testcase classname="backend.tests.test_approvals_phase2.TestDuplicateEndpoint" name="test_duplicate_preserves_approvers" time="0.459" /><testcase classname="backend.tests.test_approvals_phase2.TestDuplicateEndpoint" name="test_duplicate_has_pending_status" time="0.556" /><testcase classname="backend.tests.test_approvals_phase2.TestDuplicateEndpoint" name="test_duplicate_has_duplicated_source" time="0.445" /><testcase classname="backend.tests.test_approvals_phase2.TestDuplicateEndpoint" name="test_duplicate_with_invalid_id_returns_404" time="0.344" /><testcase classname="backend.tests.test_approvals_phase2.TestBottleneckDetection" name="test_stuck_request_detection_logic" time="0.155" /><testcase classname="backend.tests.test_approvals_phase2.TestBottleneckDetection" name="test_bottleneck_severity_levels" time="0.159" /></testsuite></testsuites>