<?xml version="1.0" encoding="utf-8"?><testsuites name="pytest tests"><testsuite name="pytest" errors="0" failures="0" skipped="0" tests="12" time="8.025" timestamp="2026-03-26T19:49:32.692305+00:00" hostname="agent-env-de014211-221d-4b8c-a814-e4f47f7e446b"><testcase classname="backend.tests.test_assign_user_to_org.TestAssignUserToOrg" name="test_assign_user_with_admin_role" time="1.145" /><testcase classname="backend.tests.test_assign_user_to_org.TestAssignUserToOrg" name="test_assign_user_with_manager_role" time="0.832" /><testcase classname="backend.tests.test_assign_user_to_org.TestAssignUserToOrg" name="test_assign_user_with_member_role" time="0.801" /><testcase classname="backend.tests.test_assign_user_to_org.TestAssignUserToOrg" name="test_assign_already_assigned_user_returns_400" time="0.809" /><testcase classname="backend.tests.test_assign_user_to_org.TestAssignUserToOrg" name="test_assign_nonexistent_user_returns_404" time="0.185" /><testcase classname="backend.tests.test_assign_user_to_org.TestAssignUserToOrg" name="test_assign_to_nonexistent_org_returns_404" time="0.575" /><testcase classname="backend.tests.test_assign_user_to_org.TestAssignUserToOrg" name="test_assign_with_invalid_role_returns_400" time="0.690" /><testcase classname="backend.tests.test_assign_user_to_org.TestAssignUserToOrg" name="test_remove_user_from_org" time="0.946" /><testcase classname="backend.tests.test_assign_user_to_org.TestAssignUserToOrg" name="test_remove_nonexistent_member_returns_404" time="0.606" /><testcase classname="backend.tests.test_assign_user_to_org.TestAssignUserToOrg" name="test_list_organizations" time="0.280" /><testcase classname="backend.tests.test_assign_user_to_org.TestOrgAdminCannotSeeOrgSection" name="test_org_admin_login_returns_org_info" time="0.630" /><testcase classname="backend.tests.test_assign_user_to_org.TestOrgAdminCannotSeeOrgSection" name="test_super_admin_login_has_no_org" time="0.443" /></testsuite></testsuites>