<?xml version="1.0" encoding="utf-8"?><testsuites name="pytest tests"><testsuite name="pytest" errors="0" failures="0" skipped="0" tests="13" time="4.747" timestamp="2026-03-14T03:19:25.961121+00:00" hostname="agent-env-d35c2677-b367-48d4-8afa-638371f0e6fe"><testcase classname="tests.test_auth_users_api.TestHealthCheck" name="test_api_accessible" time="0.647" /><testcase classname="tests.test_auth_users_api.TestUserLogin" name="test_admin_login_success" time="0.197" /><testcase classname="tests.test_auth_users_api.TestUserLogin" name="test_login_invalid_credentials" time="0.154" /><testcase classname="tests.test_auth_users_api.TestUserLogin" name="test_login_response_has_required_fields" time="0.220" /><testcase classname="tests.test_auth_users_api.TestUserRegistration" name="test_register_new_user" time="0.599" /><testcase classname="tests.test_auth_users_api.TestUserRegistration" name="test_register_duplicate_email_rejected" time="0.184" /><testcase classname="tests.test_auth_users_api.TestGetUsers" name="test_get_all_users_returns_real_data" time="0.164" /><testcase classname="tests.test_auth_users_api.TestGetUsers" name="test_get_user_by_id" time="0.301" /><testcase classname="tests.test_auth_users_api.TestGetUsers" name="test_get_nonexistent_user" time="0.205" /><testcase classname="tests.test_auth_users_api.TestUserCRUD" name="test_create_user_and_verify_persistence" time="0.509" /><testcase classname="tests.test_auth_users_api.TestUserCRUD" name="test_update_user_and_verify_persistence" time="0.763" /><testcase classname="tests.test_auth_users_api.TestUserCRUD" name="test_delete_user_and_verify_removal" time="0.523" /><testcase classname="tests.test_auth_users_api.TestAdminRoleCheck" name="test_admin_user_has_correct_role" time="0.211" /></testsuite></testsuites>