<?xml version="1.0" encoding="utf-8"?><testsuites name="pytest tests"><testsuite name="pytest" errors="0" failures="1" skipped="0" tests="10" time="3.346" timestamp="2026-03-14T17:37:53.028247+00:00" hostname="agent-env-ebb95755-79b1-477e-bc27-6f9b3f551f22"><testcase classname="backend.tests.test_auth_flows_v27.TestHealthCheck" name="test_api_health" time="0.211" /><testcase classname="backend.tests.test_auth_flows_v27.TestAdminLogin" name="test_admin_login_returns_token_and_user" time="0.567" /><testcase classname="backend.tests.test_auth_flows_v27.TestAdminLogin" name="test_admin_login_invalid_password" time="0.101" /><testcase classname="backend.tests.test_auth_flows_v27.TestUserSignup" name="test_user_signup_creates_unverified_user" time="0.366" /><testcase classname="backend.tests.test_auth_flows_v27.TestUserSignup" name="test_duplicate_signup_rejected" time="0.096" /><testcase classname="backend.tests.test_auth_flows_v27.TestEmailVerification" name="test_verify_email_wrong_code_rejected" time="0.100" /><testcase classname="backend.tests.test_auth_flows_v27.TestEmailVerification" name="test_resend_verification" time="0.600"><failure message="assert 500 == 200&#10; +  where 500 = &lt;Response [500]&gt;.status_code">backend/tests/test_auth_flows_v27.py:152: in test_resend_verification
    assert response.status_code == 200
E   assert 500 == 200
E    +  where 500 = &lt;Response [500]&gt;.status_code</failure></testcase><testcase classname="backend.tests.test_auth_flows_v27.TestUserLogin" name="test_unverified_user_login_returns_requires_verification" time="0.661" /><testcase classname="backend.tests.test_auth_flows_v27.TestUserLogin" name="test_verified_user_login_no_verification_required" time="0.152" /><testcase classname="backend.tests.test_auth_flows_v27.TestCleanup" name="test_cleanup_test_users" time="0.403" /></testsuite></testsuites>