<?xml version="1.0" encoding="utf-8"?><testsuites name="pytest tests"><testsuite name="pytest" errors="0" failures="0" skipped="0" tests="22" time="4.609" timestamp="2026-03-04T17:38:31.887149+00:00" hostname="agent-env-0fd385d1-ef5e-41fa-b6e0-2d070862c126"><testcase classname="backend.tests.test_billing_features.TestTeamBillingPlans" name="test_get_team_billing_plans_returns_3_plans" time="0.652" /><testcase classname="backend.tests.test_billing_features.TestTeamBillingPlans" name="test_team_plans_have_required_fields" time="0.160" /><testcase classname="backend.tests.test_billing_features.TestTeamBillingPlans" name="test_team_plans_annual_savings_calculation" time="0.168" /><testcase classname="backend.tests.test_billing_features.TestTeamBillingPlans" name="test_get_single_plan_details" time="0.157" /><testcase classname="backend.tests.test_billing_features.TestTeamBillingPlans" name="test_get_nonexistent_plan_returns_404" time="0.170" /><testcase classname="backend.tests.test_billing_features.TestTeamBillingPriceCalculation" name="test_calculate_price_monthly" time="0.168" /><testcase classname="backend.tests.test_billing_features.TestTeamBillingPriceCalculation" name="test_calculate_price_yearly" time="0.146" /><testcase classname="backend.tests.test_billing_features.TestTeamBillingPriceCalculation" name="test_calculate_price_validates_min_seats" time="0.156" /><testcase classname="backend.tests.test_billing_features.TestTeamBillingPriceCalculation" name="test_calculate_price_validates_max_seats" time="0.151" /><testcase classname="backend.tests.test_billing_features.TestTeamBillingWorkspaceSubscription" name="test_get_workspace_subscription_no_subscription" time="0.161" /><testcase classname="backend.tests.test_billing_features.TestUsageAlerts" name="test_get_user_alerts_empty" time="0.151" /><testcase classname="backend.tests.test_billing_features.TestUsageAlerts" name="test_check_usage_alerts" time="0.441" /><testcase classname="backend.tests.test_billing_features.TestUsageAlerts" name="test_get_alert_preferences" time="0.167" /><testcase classname="backend.tests.test_billing_features.TestUsageAlerts" name="test_update_alert_preferences" time="0.295" /><testcase classname="backend.tests.test_billing_features.TestUsageAlerts" name="test_mark_alerts_read" time="0.160" /><testcase classname="backend.tests.test_billing_features.TestShiftReminders" name="test_get_reminder_preferences" time="0.157" /><testcase classname="backend.tests.test_billing_features.TestShiftReminders" name="test_update_reminder_preferences" time="0.246" /><testcase classname="backend.tests.test_billing_features.TestShiftReminders" name="test_get_upcoming_reminders" time="0.158" /><testcase classname="backend.tests.test_billing_features.TestShiftReminders" name="test_get_reminder_history" time="0.175" /><testcase classname="backend.tests.test_billing_features.TestShiftReminders" name="test_trigger_reminder_processing" time="0.142" /><testcase classname="backend.tests.test_billing_features.TestUserPlansAPI" name="test_get_plans_returns_multiple_plans" time="0.167" /><testcase classname="backend.tests.test_billing_features.TestUserPlansAPI" name="test_plans_have_annual_and_monthly_pricing" time="0.152" /></testsuite></testsuites>