<?xml version="1.0" encoding="utf-8"?><testsuites name="pytest tests"><testsuite name="pytest" errors="0" failures="0" skipped="0" tests="10" time="5.625" timestamp="2026-02-27T19:33:42.277229+00:00" hostname="agent-env-47711f83-bf70-4f51-b709-ea85eb56805e"><testcase classname="backend.tests.test_calendar_api.TestCalendarAPI" name="test_01_get_calendar_events_empty" time="0.913" /><testcase classname="backend.tests.test_calendar_api.TestCalendarAPI" name="test_02_create_calendar_event" time="0.573" /><testcase classname="backend.tests.test_calendar_api.TestCalendarAPI" name="test_03_get_single_event" time="0.461" /><testcase classname="backend.tests.test_calendar_api.TestCalendarAPI" name="test_04_update_calendar_event" time="0.396" /><testcase classname="backend.tests.test_calendar_api.TestCalendarAPI" name="test_05_get_events_with_date_filter" time="0.440" /><testcase classname="backend.tests.test_calendar_api.TestCalendarAPI" name="test_06_create_event_with_invitees" time="1.006" /><testcase classname="backend.tests.test_calendar_api.TestCalendarAPI" name="test_07_get_upcoming_events" time="0.360" /><testcase classname="backend.tests.test_calendar_api.TestCalendarAPI" name="test_08_delete_calendar_event" time="0.604" /><testcase classname="backend.tests.test_calendar_api.TestCalendarAPI" name="test_09_delete_nonexistent_event" time="0.427" /><testcase classname="backend.tests.test_calendar_api.TestCalendarAPI" name="test_10_get_nonexistent_event" time="0.379" /></testsuite></testsuites>