<?xml version="1.0" encoding="utf-8"?><testsuites name="pytest tests"><testsuite name="pytest" errors="0" failures="0" skipped="0" tests="12" time="3.173" timestamp="2026-02-27T04:41:32.358044+00:00" hostname="agent-env-47711f83-bf70-4f51-b709-ea85eb56805e"><testcase classname="backend.tests.test_call_api.TestCallAPI" name="test_call_initiate_audio" time="0.290" /><testcase classname="backend.tests.test_call_api.TestCallAPI" name="test_call_initiate_video" time="0.221" /><testcase classname="backend.tests.test_call_api.TestCallAPI" name="test_call_status" time="0.338" /><testcase classname="backend.tests.test_call_api.TestCallAPI" name="test_call_accept" time="0.354" /><testcase classname="backend.tests.test_call_api.TestCallAPI" name="test_call_reject" time="0.398" /><testcase classname="backend.tests.test_call_api.TestCallAPI" name="test_call_end" time="0.220" /><testcase classname="backend.tests.test_call_api.TestCallAPI" name="test_call_signal_offer" time="0.311" /><testcase classname="backend.tests.test_call_api.TestCallAPI" name="test_call_signal_answer" time="0.322" /><testcase classname="backend.tests.test_call_api.TestCallAPI" name="test_call_signal_ice_candidate" time="0.311" /><testcase classname="backend.tests.test_call_api.TestCallAPI" name="test_call_not_found" time="0.103" /><testcase classname="backend.tests.test_call_api.TestCallAPI" name="test_end_nonexistent_call" time="0.110" /><testcase classname="backend.tests.test_call_api.TestSSEChatStream" name="test_chat_stream_endpoint_exists" time="0.127" /></testsuite></testsuites>