<?xml version="1.0" encoding="utf-8"?><testsuites name="pytest tests"><testsuite name="pytest" errors="0" failures="2" skipped="0" tests="10" time="4.137" timestamp="2026-02-27T06:12:58.310184+00:00" hostname="agent-env-47711f83-bf70-4f51-b709-ea85eb56805e"><testcase classname="backend.tests.test_chat_presence_email.TestChatOnlineUsers" name="test_get_online_users_endpoint_exists" time="0.147" /><testcase classname="backend.tests.test_chat_presence_email.TestChatOnlineUsers" name="test_get_user_status_endpoint" time="0.116" /><testcase classname="backend.tests.test_chat_presence_email.TestSSEStream" name="test_sse_stream_endpoint_exists" time="0.107" /><testcase classname="backend.tests.test_chat_presence_email.TestSSEStream" name="test_sse_user_appears_in_online_users" time="1.259" /><testcase classname="backend.tests.test_chat_presence_email.TestTypingIndicator" name="test_typing_indicator_endpoint" time="0.102" /><testcase classname="backend.tests.test_chat_presence_email.TestAddMemberEmailNotification" name="test_add_member_api_exists" time="1.136"><failure message="AssertionError: Expected 404 for non-existent user, got 422: {&quot;detail&quot;:[{&quot;type&quot;:&quot;missing&quot;,&quot;loc&quot;:[&quot;body&quot;,&quot;workspace_id&quot;],&quot;msg&quot;:&quot;Field required&quot;,&quot;input&quot;:{&quot;email&quot;:&quot;nonexistent_test_user@example.com&quot;,&quot;role&quot;:&quot;member&quot;,&quot;added_by&quot;:&quot;3fe4c41c-4f43-4683-98dc-db6de39b842c&quot;},&quot;url&quot;:&quot;https://errors.pydantic.dev/2.12/v/missing&quot;}]}&#10;assert 422 == 404&#10; +  where 422 = &lt;Response [422]&gt;.status_code">backend/tests/test_chat_presence_email.py:212: in test_add_member_api_exists
    assert response.status_code == 404, f"Expected 404 for non-existent user, got {response.status_code}: {response.text}"
E   AssertionError: Expected 404 for non-existent user, got 422: {"detail":[{"type":"missing","loc":["body","workspace_id"],"msg":"Field required","input":{"email":"nonexistent_test_user@example.com","role":"member","added_by":"3fe4c41c-4f43-4683-98dc-db6de39b842c"},"url":"https://errors.pydantic.dev/2.12/v/missing"}]}
E   assert 422 == 404
E    +  where 422 = &lt;Response [422]&gt;.status_code</failure></testcase><testcase classname="backend.tests.test_chat_presence_email.TestAddMemberEmailNotification" name="test_add_existing_user_triggers_email_attempt" time="0.878"><failure message="AssertionError: Expected success, got 422: {&quot;detail&quot;:[{&quot;type&quot;:&quot;missing&quot;,&quot;loc&quot;:[&quot;body&quot;,&quot;workspace_id&quot;],&quot;msg&quot;:&quot;Field required&quot;,&quot;input&quot;:{&quot;email&quot;:&quot;justin.ogala@blossomgroup.ca&quot;,&quot;role&quot;:&quot;member&quot;,&quot;added_by&quot;:&quot;3fe4c41c-4f43-4683-98dc-db6de39b842c&quot;},&quot;url&quot;:&quot;https://errors.pydantic.dev/2.12/v/missing&quot;}]}&#10;assert 422 in [200, 201]&#10; +  where 422 = &lt;Response [422]&gt;.status_code">backend/tests/test_chat_presence_email.py:279: in test_add_existing_user_triggers_email_attempt
    assert response.status_code in [200, 201], f"Expected success, got {response.status_code}: {response.text}"
E   AssertionError: Expected success, got 422: {"detail":[{"type":"missing","loc":["body","workspace_id"],"msg":"Field required","input":{"email":"justin.ogala@blossomgroup.ca","role":"member","added_by":"3fe4c41c-4f43-4683-98dc-db6de39b842c"},"url":"https://errors.pydantic.dev/2.12/v/missing"}]}
E   assert 422 in [200, 201]
E    +  where 422 = &lt;Response [422]&gt;.status_code</failure></testcase><testcase classname="backend.tests.test_chat_presence_email.TestChatMessagesAPI" name="test_send_message_endpoint" time="0.149" /><testcase classname="backend.tests.test_chat_presence_email.TestChatMessagesAPI" name="test_get_conversation_messages" time="0.145" /><testcase classname="backend.tests.test_chat_presence_email.TestResendAPIKeyConfiguration" name="test_resend_api_key_present" time="0.000" /></testsuite></testsuites>