<?xml version="1.0" encoding="utf-8"?><testsuites name="pytest tests"><testsuite name="pytest" errors="6" failures="0" skipped="0" tests="26" time="16.086" timestamp="2026-03-23T19:59:58.038598+00:00" hostname="agent-env-cba77c15-3cad-4242-ad81-7d9d82e46dab"><testcase classname="backend.tests.test_chat_presence_files.TestChatMessagesAPI" name="test_send_message_json_body" time="1.276" /><testcase classname="backend.tests.test_chat_presence_files.TestChatMessagesAPI" name="test_send_message_with_attachments" time="0.681" /><testcase classname="backend.tests.test_chat_presence_files.TestChatMessagesAPI" name="test_send_message_missing_fields" time="0.574" /><testcase classname="backend.tests.test_chat_presence_files.TestChatMessagesAPI" name="test_get_conversation_messages" time="0.983" /><testcase classname="backend.tests.test_chat_presence_files.TestFileUploadDownload" name="test_upload_file_multipart" time="0.954" /><testcase classname="backend.tests.test_chat_presence_files.TestFileUploadDownload" name="test_upload_file_base64" time="0.749" /><testcase classname="backend.tests.test_chat_presence_files.TestFileUploadDownload" name="test_download_file" time="1.143" /><testcase classname="backend.tests.test_chat_presence_files.TestFileUploadDownload" name="test_download_nonexistent_file" time="0.728" /><testcase classname="backend.tests.test_chat_presence_files.TestFileUploadDownload" name="test_get_user_files" time="0.642" /><testcase classname="backend.tests.test_chat_presence_files.TestRichPresenceStatus" name="test_set_presence_available" time="0.633" /><testcase classname="backend.tests.test_chat_presence_files.TestRichPresenceStatus" name="test_set_presence_busy_with_message" time="0.665" /><testcase classname="backend.tests.test_chat_presence_files.TestRichPresenceStatus" name="test_set_presence_do_not_disturb" time="0.667" /><testcase classname="backend.tests.test_chat_presence_files.TestRichPresenceStatus" name="test_set_presence_be_right_back" time="0.672" /><testcase classname="backend.tests.test_chat_presence_files.TestRichPresenceStatus" name="test_set_presence_away" time="0.716" /><testcase classname="backend.tests.test_chat_presence_files.TestRichPresenceStatus" name="test_set_presence_appear_offline" time="0.679" /><testcase classname="backend.tests.test_chat_presence_files.TestRichPresenceStatus" name="test_set_presence_invalid_status" time="0.591" /><testcase classname="backend.tests.test_chat_presence_files.TestRichPresenceStatus" name="test_set_presence_missing_user_id" time="0.615" /><testcase classname="backend.tests.test_chat_presence_files.TestRichPresenceStatus" name="test_get_user_presence" time="0.904" /><testcase classname="backend.tests.test_chat_presence_files.TestRichPresenceStatus" name="test_get_presence_nonexistent_user" time="0.690" /><testcase classname="backend.tests.test_chat_presence_files.TestRichPresenceStatus" name="test_get_bulk_presence" time="0.649" /><testcase classname="backend.tests.test_chat_presence_files.TestRichPresenceStatus" name="test_get_bulk_presence_empty" time="0.107"><error message="failed on setup with &quot;AssertionError: Login failed: {&quot;error&quot;:&quot;Rate limit exceeded: 10 per 1 minute&quot;}&#10;assert 429 == 200&#10; +  where 429 = &lt;Response [429]&gt;.status_code&quot;">backend/tests/test_chat_presence_files.py:245: in setup
    assert response.status_code == 200, f"Login failed: {response.text}"
E   AssertionError: Login failed: {"error":"Rate limit exceeded: 10 per 1 minute"}
E   assert 429 == 200
E    +  where 429 = &lt;Response [429]&gt;.status_code</error></testcase><testcase classname="backend.tests.test_chat_presence_files.TestSSEStream" name="test_sse_stream_connection" time="0.115"><error message="failed on setup with &quot;AssertionError: Login failed: {&quot;error&quot;:&quot;Rate limit exceeded: 10 per 1 minute&quot;}&#10;assert 429 == 200&#10; +  where 429 = &lt;Response [429]&gt;.status_code&quot;">backend/tests/test_chat_presence_files.py:421: in setup
    assert response.status_code == 200, f"Login failed: {response.text}"
E   AssertionError: Login failed: {"error":"Rate limit exceeded: 10 per 1 minute"}
E   assert 429 == 200
E    +  where 429 = &lt;Response [429]&gt;.status_code</error></testcase><testcase classname="backend.tests.test_chat_presence_files.TestSSEStream" name="test_get_online_users" time="0.145"><error message="failed on setup with &quot;AssertionError: Login failed: {&quot;error&quot;:&quot;Rate limit exceeded: 10 per 1 minute&quot;}&#10;assert 429 == 200&#10; +  where 429 = &lt;Response [429]&gt;.status_code&quot;">backend/tests/test_chat_presence_files.py:421: in setup
    assert response.status_code == 200, f"Login failed: {response.text}"
E   AssertionError: Login failed: {"error":"Rate limit exceeded: 10 per 1 minute"}
E   assert 429 == 200
E    +  where 429 = &lt;Response [429]&gt;.status_code</error></testcase><testcase classname="backend.tests.test_chat_presence_files.TestSSEStream" name="test_get_user_status" time="0.105"><error message="failed on setup with &quot;AssertionError: Login failed: {&quot;error&quot;:&quot;Rate limit exceeded: 10 per 1 minute&quot;}&#10;assert 429 == 200&#10; +  where 429 = &lt;Response [429]&gt;.status_code&quot;">backend/tests/test_chat_presence_files.py:421: in setup
    assert response.status_code == 200, f"Login failed: {response.text}"
E   AssertionError: Login failed: {"error":"Rate limit exceeded: 10 per 1 minute"}
E   assert 429 == 200
E    +  where 429 = &lt;Response [429]&gt;.status_code</error></testcase><testcase classname="backend.tests.test_chat_presence_files.TestTypingIndicator" name="test_send_typing_indicator" time="0.131"><error message="failed on setup with &quot;assert 429 == 200&#10; +  where 429 = &lt;Response [429]&gt;.status_code&quot;">backend/tests/test_chat_presence_files.py:487: in setup
    assert response.status_code == 200
E   assert 429 == 200
E    +  where 429 = &lt;Response [429]&gt;.status_code</error></testcase><testcase classname="backend.tests.test_chat_presence_files.TestMarkMessagesRead" name="test_mark_messages_read" time="0.103"><error message="failed on setup with &quot;assert 429 == 200&#10; +  where 429 = &lt;Response [429]&gt;.status_code&quot;">backend/tests/test_chat_presence_files.py:515: in setup
    assert response.status_code == 200
E   assert 429 == 200
E    +  where 429 = &lt;Response [429]&gt;.status_code</error></testcase></testsuite></testsuites>