<?xml version="1.0" encoding="utf-8"?><testsuites name="pytest tests"><testsuite name="pytest" errors="0" failures="0" skipped="0" tests="10" time="4.625" timestamp="2026-02-27T06:13:29.303265+00:00" hostname="agent-env-47711f83-bf70-4f51-b709-ea85eb56805e"><testcase classname="backend.tests.test_chat_presence_email.TestChatOnlineUsers" name="test_get_online_users_endpoint_exists" time="0.204" /><testcase classname="backend.tests.test_chat_presence_email.TestChatOnlineUsers" name="test_get_user_status_endpoint" time="0.116" /><testcase classname="backend.tests.test_chat_presence_email.TestSSEStream" name="test_sse_stream_endpoint_exists" time="0.127" /><testcase classname="backend.tests.test_chat_presence_email.TestSSEStream" name="test_sse_user_appears_in_online_users" time="1.230" /><testcase classname="backend.tests.test_chat_presence_email.TestTypingIndicator" name="test_typing_indicator_endpoint" time="0.106" /><testcase classname="backend.tests.test_chat_presence_email.TestAddMemberEmailNotification" name="test_add_member_api_exists" time="1.228" /><testcase classname="backend.tests.test_chat_presence_email.TestAddMemberEmailNotification" name="test_add_existing_user_triggers_email_attempt" time="1.225" /><testcase classname="backend.tests.test_chat_presence_email.TestChatMessagesAPI" name="test_send_message_endpoint" time="0.141" /><testcase classname="backend.tests.test_chat_presence_email.TestChatMessagesAPI" name="test_get_conversation_messages" time="0.184" /><testcase classname="backend.tests.test_chat_presence_email.TestResendAPIKeyConfiguration" name="test_resend_api_key_present" time="0.000" /></testsuite></testsuites>