<?xml version="1.0" encoding="utf-8"?><testsuites name="pytest tests"><testsuite name="pytest" errors="0" failures="0" skipped="0" tests="15" time="8.180" timestamp="2026-03-18T14:30:22.382226+00:00" hostname="agent-env-1ccb324c-9530-416c-9e8d-c11c6433df45"><testcase classname="backend.tests.test_conversion_history.TestWordToPdfConversion" name="test_convert_docx_to_pdf_success" time="1.577" /><testcase classname="backend.tests.test_conversion_history.TestWordToPdfConversion" name="test_convert_docx_without_user_id" time="0.496" /><testcase classname="backend.tests.test_conversion_history.TestWordToPdfConversion" name="test_reject_pdf_file" time="0.117" /><testcase classname="backend.tests.test_conversion_history.TestWordToPdfConversion" name="test_reject_txt_file" time="0.101" /><testcase classname="backend.tests.test_conversion_history.TestPdfToWordConversion" name="test_convert_pdf_to_word_success" time="0.615" /><testcase classname="backend.tests.test_conversion_history.TestPdfToWordConversion" name="test_convert_pdf_without_user_id" time="0.156" /><testcase classname="backend.tests.test_conversion_history.TestPdfToWordConversion" name="test_reject_docx_file" time="0.189" /><testcase classname="backend.tests.test_conversion_history.TestConversionHistory" name="test_get_conversion_history_empty" time="0.170" /><testcase classname="backend.tests.test_conversion_history.TestConversionHistory" name="test_get_conversion_history_with_entries" time="0.752" /><testcase classname="backend.tests.test_conversion_history.TestConversionHistory" name="test_download_conversion" time="0.930" /><testcase classname="backend.tests.test_conversion_history.TestConversionHistory" name="test_download_conversion_not_found" time="0.173" /><testcase classname="backend.tests.test_conversion_history.TestConversionHistory" name="test_delete_conversion" time="1.041" /><testcase classname="backend.tests.test_conversion_history.TestConversionHistory" name="test_delete_conversion_not_found" time="0.162" /><testcase classname="backend.tests.test_conversion_history.TestConversionHistorySavesBoth" name="test_word_to_pdf_saves_history" time="1.130" /><testcase classname="backend.tests.test_conversion_history.TestConversionHistorySavesBoth" name="test_pdf_to_word_saves_history" time="0.435" /></testsuite></testsuites>