<?xml version="1.0" encoding="utf-8"?><testsuites name="pytest tests"><testsuite name="pytest" errors="0" failures="0" skipped="0" tests="9" time="12.916" timestamp="2026-03-24T02:57:48.807891+00:00" hostname="agent-env-46bf7f9a-7f7b-48ba-a2f0-a7cb4c4eee25"><testcase classname="backend.tests.test_dashboard_sse_stream.TestDashboardActivityAPI" name="test_activity_endpoint_returns_200" time="1.592" /><testcase classname="backend.tests.test_dashboard_sse_stream.TestDashboardActivityAPI" name="test_activity_endpoint_returns_graph_data" time="1.566" /><testcase classname="backend.tests.test_dashboard_sse_stream.TestDashboardActivityAPI" name="test_activity_endpoint_returns_activities" time="1.544" /><testcase classname="backend.tests.test_dashboard_sse_stream.TestDashboardSSEStream" name="test_sse_stream_returns_200" time="0.116" /><testcase classname="backend.tests.test_dashboard_sse_stream.TestDashboardSSEStream" name="test_sse_stream_content_type" time="0.099" /><testcase classname="backend.tests.test_dashboard_sse_stream.TestDashboardSSEStream" name="test_sse_stream_sends_init_event" time="1.765" /><testcase classname="backend.tests.test_dashboard_sse_stream.TestDashboardSSEStream" name="test_sse_stream_graph_has_7_days" time="2.054" /><testcase classname="backend.tests.test_dashboard_sse_stream.TestDashboardSSEStream" name="test_sse_stream_activities_max_10" time="1.747" /><testcase classname="backend.tests.test_dashboard_sse_stream.TestDashboardSSEStreamWithAuth" name="test_sse_stream_with_real_user_id" time="2.376" /></testsuite></testsuites>