<?xml version="1.0" encoding="utf-8"?><testsuites name="pytest tests"><testsuite name="pytest" errors="0" failures="1" skipped="0" tests="13" time="32.069" timestamp="2026-03-20T13:51:44.422637+00:00" hostname="agent-env-fcdddf8d-87e2-4d48-af2b-483acff5ba1e"><testcase classname="backend.tests.test_delegation_feature.TestDelegationEndpoint" name="test_delegate_approval_success" time="25.743" /><testcase classname="backend.tests.test_delegation_feature.TestDelegationEndpoint" name="test_delegate_blocked_when_not_pending" time="0.570" /><testcase classname="backend.tests.test_delegation_feature.TestDelegationEndpoint" name="test_delegate_blocked_when_user_has_no_pending_step" time="0.279" /><testcase classname="backend.tests.test_delegation_feature.TestDelegatedUserActions" name="test_delegate_can_approve" time="0.783" /><testcase classname="backend.tests.test_delegation_feature.TestDelegatedUserActions" name="test_delegate_can_reject" time="0.792" /><testcase classname="backend.tests.test_delegation_feature.TestAuditTrail" name="test_audit_trail_records_delegation" time="0.016"><failure message="requests.exceptions.ConnectionError: ('Connection aborted.', RemoteDisconnected('Remote end closed connection without response'))">/root/.venv/lib/python3.11/site-packages/urllib3/connectionpool.py:787: in urlopen
    response = self._make_request(
/root/.venv/lib/python3.11/site-packages/urllib3/connectionpool.py:534: in _make_request
    response = conn.getresponse()
               ^^^^^^^^^^^^^^^^^^
/root/.venv/lib/python3.11/site-packages/urllib3/connection.py:571: in getresponse
    httplib_response = super().getresponse()
                       ^^^^^^^^^^^^^^^^^^^^^
/usr/local/lib/python3.11/http/client.py:1395: in getresponse
    response.begin()
/usr/local/lib/python3.11/http/client.py:325: in begin
    version, status, reason = self._read_status()
                              ^^^^^^^^^^^^^^^^^^^
/usr/local/lib/python3.11/http/client.py:294: in _read_status
    raise RemoteDisconnected("Remote end closed connection without"
E   http.client.RemoteDisconnected: Remote end closed connection without response

During handling of the above exception, another exception occurred:
/root/.venv/lib/python3.11/site-packages/requests/adapters.py:644: in send
    resp = conn.urlopen(
/root/.venv/lib/python3.11/site-packages/urllib3/connectionpool.py:841: in urlopen
    retries = retries.increment(
/root/.venv/lib/python3.11/site-packages/urllib3/util/retry.py:490: in increment
    raise reraise(type(error), error, _stacktrace)
          ^^^^^^^^^^^^^^^^^^^^^^^^^^^^^^^^^^^^^^^^
/root/.venv/lib/python3.11/site-packages/urllib3/util/util.py:38: in reraise
    raise value.with_traceback(tb)
/root/.venv/lib/python3.11/site-packages/urllib3/connectionpool.py:787: in urlopen
    response = self._make_request(
/root/.venv/lib/python3.11/site-packages/urllib3/connectionpool.py:534: in _make_request
    response = conn.getresponse()
               ^^^^^^^^^^^^^^^^^^
/root/.venv/lib/python3.11/site-packages/urllib3/connection.py:571: in getresponse
    httplib_response = super().getresponse()
                       ^^^^^^^^^^^^^^^^^^^^^
/usr/local/lib/python3.11/http/client.py:1395: in getresponse
    response.begin()
/usr/local/lib/python3.11/http/client.py:325: in begin
    version, status, reason = self._read_status()
                              ^^^^^^^^^^^^^^^^^^^
/usr/local/lib/python3.11/http/client.py:294: in _read_status
    raise RemoteDisconnected("Remote end closed connection without"
E   urllib3.exceptions.ProtocolError: ('Connection aborted.', RemoteDisconnected('Remote end closed connection without response'))

During handling of the above exception, another exception occurred:
backend/tests/test_delegation_feature.py:310: in test_audit_trail_records_delegation
    create_res = api_client.post(
/root/.venv/lib/python3.11/site-packages/requests/sessions.py:637: in post
    return self.request("POST", url, data=data, json=json, **kwargs)
           ^^^^^^^^^^^^^^^^^^^^^^^^^^^^^^^^^^^^^^^^^^^^^^^^^^^^^^^^^
/root/.venv/lib/python3.11/site-packages/requests/sessions.py:589: in request
    resp = self.send(prep, **send_kwargs)
           ^^^^^^^^^^^^^^^^^^^^^^^^^^^^^^
/root/.venv/lib/python3.11/site-packages/requests/sessions.py:703: in send
    r = adapter.send(request, **kwargs)
        ^^^^^^^^^^^^^^^^^^^^^^^^^^^^^^^
/root/.venv/lib/python3.11/site-packages/requests/adapters.py:659: in send
    raise ConnectionError(err, request=request)
E   requests.exceptions.ConnectionError: ('Connection aborted.', RemoteDisconnected('Remote end closed connection without response'))</failure></testcase><testcase classname="backend.tests.test_delegation_feature.TestAuditTrail" name="test_audit_trail_records_delegate_action" time="1.205" /><testcase classname="backend.tests.test_delegation_feature.TestDelegatedToMeEndpoint" name="test_delegated_to_me_returns_delegated_approvals" time="0.636" /><testcase classname="backend.tests.test_delegation_feature.TestListEndpointDelegated" name="test_list_delegated_tab_shows_delegated_approvals" time="0.635" /><testcase classname="backend.tests.test_delegation_feature.TestListEndpointDelegated" name="test_list_received_tab_includes_delegated_via_or" time="0.641" /><testcase classname="backend.tests.test_delegation_feature.TestStatsEndpoint" name="test_stats_includes_delegated_pending" time="0.365" /><testcase classname="backend.tests.test_delegation_feature.TestUserSearchEndpoint" name="test_user_search_works" time="0.098" /><testcase classname="backend.tests.test_delegation_feature.TestCleanup" name="test_cleanup_test_approvals" time="0.106" /></testsuite></testsuites>