<?xml version="1.0" encoding="utf-8"?><testsuites name="pytest tests"><testsuite name="pytest" errors="0" failures="0" skipped="0" tests="14" time="5.192" timestamp="2026-03-19T18:35:33.466463+00:00" hostname="agent-env-9b777df4-7f9b-4e18-906a-2a29875da724"><testcase classname="backend.tests.test_digest_feature.TestDigestPreview" name="test_preview_returns_html" time="0.664" /><testcase classname="backend.tests.test_digest_feature.TestDigestPreview" name="test_preview_contains_stats_grid" time="0.223" /><testcase classname="backend.tests.test_digest_feature.TestDigestPreview" name="test_preview_contains_pending_section" time="0.255" /><testcase classname="backend.tests.test_digest_feature.TestDigestPreview" name="test_preview_contains_trend" time="0.265" /><testcase classname="backend.tests.test_digest_feature.TestDigestPreview" name="test_preview_contains_cta_button" time="0.205" /><testcase classname="backend.tests.test_digest_feature.TestDigestTrigger" name="test_trigger_for_specific_user" time="0.511" /><testcase classname="backend.tests.test_digest_feature.TestDigestTrigger" name="test_trigger_with_nonexistent_user" time="0.318" /><testcase classname="backend.tests.test_digest_feature.TestDigestTrigger" name="test_trigger_all_users" time="0.959" /><testcase classname="backend.tests.test_digest_feature.TestDigestPreferences" name="test_get_default_preferences" time="0.156" /><testcase classname="backend.tests.test_digest_feature.TestDigestPreferences" name="test_disable_preferences" time="0.321" /><testcase classname="backend.tests.test_digest_feature.TestDigestPreferences" name="test_enable_preferences" time="0.545" /><testcase classname="backend.tests.test_digest_feature.TestDigestRespectPreferences" name="test_trigger_respects_opted_out" time="0.341" /><testcase classname="backend.tests.test_digest_feature.TestDigestBottleneckAlerts" name="test_preview_may_contain_bottlenecks" time="0.193" /><testcase classname="backend.tests.test_digest_feature.TestSchedulerRegistration" name="test_scheduler_logs_confirmation" time="0.161" /></testsuite></testsuites>