<?xml version="1.0" encoding="utf-8"?><testsuites name="pytest tests"><testsuite name="pytest" errors="0" failures="0" skipped="0" tests="8" time="51.613" timestamp="2026-03-14T03:42:44.177904+00:00" hostname="agent-env-d35c2677-b367-48d4-8afa-638371f0e6fe"><testcase classname="backend.tests.test_email_verification.TestEmailVerificationBackend" name="test_api_health" time="44.565" /><testcase classname="backend.tests.test_email_verification.TestEmailVerificationBackend" name="test_register_creates_unverified_user" time="1.894" /><testcase classname="backend.tests.test_email_verification.TestEmailVerificationBackend" name="test_verify_email_with_correct_code" time="0.699" /><testcase classname="backend.tests.test_email_verification.TestEmailVerificationBackend" name="test_verify_email_with_wrong_code" time="0.625" /><testcase classname="backend.tests.test_email_verification.TestEmailVerificationBackend" name="test_resend_verification_sends_new_code" time="1.983" /><testcase classname="backend.tests.test_email_verification.TestEmailVerificationBackend" name="test_login_unverified_user_returns_requires_verification" time="0.977" /><testcase classname="backend.tests.test_email_verification.TestEmailVerificationBackend" name="test_login_verified_user_no_requires_verification" time="0.221" /><testcase classname="backend.tests.test_email_verification.TestCleanup" name="test_cleanup_test_users" time="0.510" /></testsuite></testsuites>