<?xml version="1.0" encoding="utf-8"?><testsuites name="pytest tests"><testsuite name="pytest" errors="0" failures="1" skipped="0" tests="16" time="9.630" timestamp="2026-03-18T02:17:05.239536+00:00" hostname="agent-env-153e07e3-18f2-43ae-8b7f-bee83114cdf9"><testcase classname="tests.test_esignature.TestESignatureHealth" name="test_api_health" time="0.259" /><testcase classname="tests.test_esignature.TestESignatureUpload" name="test_upload_pdf" time="0.436" /><testcase classname="tests.test_esignature.TestESignatureUpload" name="test_upload_docx" time="3.731" /><testcase classname="tests.test_esignature.TestESignatureUpload" name="test_upload_invalid_file_type" time="0.144" /><testcase classname="tests.test_esignature.TestESignatureGetPdf" name="test_get_pdf_for_rendering" time="0.427" /><testcase classname="tests.test_esignature.TestESignatureGetPdf" name="test_get_pdf_not_found" time="0.193" /><testcase classname="tests.test_esignature.TestESignatureSign" name="test_sign_document" time="0.804" /><testcase classname="tests.test_esignature.TestESignatureSign" name="test_sign_with_date_field" time="0.685" /><testcase classname="tests.test_esignature.TestESignatureSign" name="test_sign_no_placements" time="0.193"><failure message="assert 404 == 400&#10; +  where 404 = &lt;Response [404]&gt;.status_code">tests/test_esignature.py:278: in test_sign_no_placements
    assert response.status_code == 400
E   assert 404 == 400
E    +  where 404 = &lt;Response [404]&gt;.status_code</failure></testcase><testcase classname="tests.test_esignature.TestESignatureDownloadSigned" name="test_download_signed_pdf" time="0.988" /><testcase classname="tests.test_esignature.TestESignatureDownloadSigned" name="test_download_unsigned_document_fails" time="0.408" /><testcase classname="tests.test_esignature.TestESignatureHistory" name="test_get_history" time="0.190" /><testcase classname="tests.test_esignature.TestESignatureSavedSignatures" name="test_save_signature" time="0.220" /><testcase classname="tests.test_esignature.TestESignatureSavedSignatures" name="test_list_signatures" time="0.190" /><testcase classname="tests.test_esignature.TestESignatureSavedSignatures" name="test_delete_signature" time="0.383" /><testcase classname="tests.test_esignature.TestESignatureSavedSignatures" name="test_delete_nonexistent_signature" time="0.212" /></testsuite></testsuites>