<?xml version="1.0" encoding="utf-8"?><testsuites name="pytest tests"><testsuite name="pytest" errors="0" failures="0" skipped="0" tests="10" time="5.327" timestamp="2026-03-14T01:35:43.574043+00:00" hostname="agent-env-d35c2677-b367-48d4-8afa-638371f0e6fe"><testcase classname="backend.tests.test_file_upload_formdata.TestHealthCheck" name="test_api_root" time="0.168" /><testcase classname="backend.tests.test_file_upload_formdata.TestFileUploadFormData" name="test_file_upload_formdata_success" time="0.821" /><testcase classname="backend.tests.test_file_upload_formdata.TestFileUploadFormData" name="test_file_upload_json_rejected" time="0.103" /><testcase classname="backend.tests.test_file_upload_formdata.TestFileList" name="test_list_user_files" time="0.515" /><testcase classname="backend.tests.test_file_upload_formdata.TestFileList" name="test_list_files_with_category_filter" time="0.154" /><testcase classname="backend.tests.test_file_upload_formdata.TestFileDownload" name="test_file_download" time="0.626" /><testcase classname="backend.tests.test_file_upload_formdata.TestFileDownload" name="test_file_not_found" time="0.147" /><testcase classname="backend.tests.test_file_upload_formdata.TestFileDelete" name="test_file_delete_and_verify" time="0.850" /><testcase classname="backend.tests.test_file_upload_formdata.TestFileDelete" name="test_delete_nonexistent_file" time="0.153" /><testcase classname="backend.tests.test_file_upload_formdata.TestErrorHandling" name="test_422_error_has_readable_detail" time="1.724" /></testsuite></testsuites>