<?xml version="1.0" encoding="utf-8"?><testsuites name="pytest tests"><testsuite name="pytest" errors="0" failures="0" skipped="0" tests="19" time="8.263" timestamp="2026-02-28T20:15:49.577069+00:00" hostname="agent-env-256de277-ea9d-4d23-a77b-9957439ae573"><testcase classname="backend.tests.test_group_call_api.TestGroupCallJoin" name="test_join_new_room_creates_room" time="0.381" /><testcase classname="backend.tests.test_group_call_api.TestGroupCallJoin" name="test_join_existing_room_adds_participant" time="0.474" /><testcase classname="backend.tests.test_group_call_api.TestGroupCallJoin" name="test_rejoin_updates_existing_participant" time="0.372" /><testcase classname="backend.tests.test_group_call_api.TestGroupCallLeave" name="test_leave_room_removes_participant" time="0.560" /><testcase classname="backend.tests.test_group_call_api.TestGroupCallLeave" name="test_leave_nonexistent_room_returns_error" time="0.120" /><testcase classname="backend.tests.test_group_call_api.TestGroupCallLeave" name="test_last_participant_leaving_deletes_room" time="0.339" /><testcase classname="backend.tests.test_group_call_api.TestGroupCallSignal" name="test_signal_to_existing_room" time="0.653" /><testcase classname="backend.tests.test_group_call_api.TestGroupCallSignal" name="test_signal_to_nonexistent_room" time="0.111" /><testcase classname="backend.tests.test_group_call_api.TestGroupCallRoomState" name="test_get_existing_room_state" time="0.408" /><testcase classname="backend.tests.test_group_call_api.TestGroupCallRoomState" name="test_get_nonexistent_room_returns_empty" time="0.178" /><testcase classname="backend.tests.test_group_call_api.TestGroupCallUpdateParticipant" name="test_update_video_status" time="0.319" /><testcase classname="backend.tests.test_group_call_api.TestGroupCallUpdateParticipant" name="test_update_audio_status" time="0.333" /><testcase classname="backend.tests.test_group_call_api.TestGroupCallUpdateParticipant" name="test_update_hand_raised" time="0.313" /><testcase classname="backend.tests.test_group_call_api.TestGroupCallUpdateParticipant" name="test_update_speaking_sets_active_speaker" time="0.474" /><testcase classname="backend.tests.test_group_call_api.TestGroupCallUpdateParticipant" name="test_update_nonexistent_participant_returns_error" time="0.348" /><testcase classname="backend.tests.test_group_call_api.TestGroupCallParticipants" name="test_get_participants_list" time="0.592" /><testcase classname="backend.tests.test_group_call_api.TestGroupCallParticipants" name="test_get_participants_empty_room" time="0.115" /><testcase classname="backend.tests.test_group_call_api.TestGroupCallMultiParticipantScenarios" name="test_multiple_participants_up_to_16" time="1.176" /><testcase classname="backend.tests.test_group_call_api.TestGroupCallMultiParticipantScenarios" name="test_participant_leaves_notifies_remaining" time="0.913" /></testsuite></testsuites>