<?xml version="1.0" encoding="utf-8"?><testsuites name="pytest tests"><testsuite name="pytest" errors="0" failures="0" skipped="0" tests="14" time="30.936" timestamp="2026-03-23T15:50:55.144648+00:00" hostname="agent-env-9360a946-0384-4fa9-98a9-5b449b501d46"><testcase classname="backend.tests.test_healthcare_forms.TestHealthcareFormTemplates" name="test_get_workspace_form_templates_returns_8_templates" time="26.103" /><testcase classname="backend.tests.test_healthcare_forms.TestHealthcareFormTemplates" name="test_daily_log_form_has_12_fields" time="0.302" /><testcase classname="backend.tests.test_healthcare_forms.TestHealthcareFormTemplates" name="test_incident_report_form_has_13_fields" time="0.233" /><testcase classname="backend.tests.test_healthcare_forms.TestHealthcareFormTemplates" name="test_all_templates_have_required_structure" time="0.244" /><testcase classname="backend.tests.test_healthcare_forms.TestAdminFormTemplatesAPI" name="test_admin_get_all_templates_with_workspace_name" time="0.185" /><testcase classname="backend.tests.test_healthcare_forms.TestAdminFormTemplatesAPI" name="test_admin_update_template_recipient_emails" time="0.951" /><testcase classname="backend.tests.test_healthcare_forms.TestAdminFormTemplatesAPI" name="test_admin_update_nonexistent_template_returns_404" time="0.156" /><testcase classname="backend.tests.test_healthcare_forms.TestFormSubmissionWithEmail" name="test_submit_form_success" time="0.495" /><testcase classname="backend.tests.test_healthcare_forms.TestFormSubmissionWithEmail" name="test_submit_form_with_recipient_emails_triggers_email" time="0.990" /><testcase classname="backend.tests.test_healthcare_forms.TestFormSubmissionWithEmail" name="test_get_user_submissions" time="0.190" /><testcase classname="backend.tests.test_healthcare_forms.TestFormSubmissionWithEmail" name="test_submit_form_nonexistent_template_returns_404" time="0.207" /><testcase classname="backend.tests.test_healthcare_forms.TestFormFieldTypes" name="test_templates_have_various_field_types" time="0.319" /><testcase classname="backend.tests.test_healthcare_forms.TestFormFieldTypes" name="test_dropdown_fields_have_options" time="0.240" /><testcase classname="backend.tests.test_healthcare_forms.TestFormFieldTypes" name="test_yesno_fields_have_options" time="0.238" /></testsuite></testsuites>