<?xml version="1.0" encoding="utf-8"?><testsuites name="pytest tests"><testsuite name="pytest" errors="0" failures="0" skipped="0" tests="18" time="5.532" timestamp="2026-03-23T04:29:22.229994+00:00" hostname="agent-env-9360a946-0384-4fa9-98a9-5b449b501d46"><testcase classname="backend.tests.test_ict_support_module.TestICTRequestCreate" name="test_create_ict_request_with_all_excel_fields" time="0.403" /><testcase classname="backend.tests.test_ict_support_module.TestICTRequestCreate" name="test_create_ict_request_reporting_for_someone_else" time="0.186" /><testcase classname="backend.tests.test_ict_support_module.TestICTRequestCreate" name="test_create_ict_request_hr_related" time="0.182" /><testcase classname="backend.tests.test_ict_support_module.TestICTRequestGet" name="test_get_ict_requests_as_admin_returns_is_admin_flag" time="0.114" /><testcase classname="backend.tests.test_ict_support_module.TestICTRequestGet" name="test_get_ict_requests_returns_all_fields" time="0.110" /><testcase classname="backend.tests.test_ict_support_module.TestICTRequestGet" name="test_get_single_ict_request" time="0.223" /><testcase classname="backend.tests.test_ict_support_module.TestICTRequestUpdate" name="test_update_status_to_pending" time="0.295" /><testcase classname="backend.tests.test_ict_support_module.TestICTRequestUpdate" name="test_update_status_to_resolved" time="0.296" /><testcase classname="backend.tests.test_ict_support_module.TestICTRequestUpdate" name="test_update_status_to_cancelled_invalid" time="0.295" /><testcase classname="backend.tests.test_ict_support_module.TestICTRequestUpdate" name="test_update_notes_field" time="0.296" /><testcase classname="backend.tests.test_ict_support_module.TestICTRequestUpdate" name="test_update_email_sent_field" time="0.297" /><testcase classname="backend.tests.test_ict_support_module.TestICTRequestComments" name="test_admin_can_add_comment_anytime" time="0.263" /><testcase classname="backend.tests.test_ict_support_module.TestICTRequestComments" name="test_comment_appears_in_request_detail" time="0.222" /><testcase classname="backend.tests.test_ict_support_module.TestICTRequestDelete" name="test_admin_can_delete_request" time="0.405" /><testcase classname="backend.tests.test_ict_support_module.TestICTRequestStatuses" name="test_all_status_transitions" time="1.220" /><testcase classname="backend.tests.test_ict_support_module.TestICTRequestValidation" name="test_non_member_cannot_create_request" time="0.111" /><testcase classname="backend.tests.test_ict_support_module.TestICTRequestValidation" name="test_invalid_workspace_returns_404" time="0.079" /><testcase classname="backend.tests.test_ict_support_module.TestCleanup" name="test_cleanup_test_requests" time="0.468" /></testsuite></testsuites>