<?xml version="1.0" encoding="utf-8"?><testsuites name="pytest tests"><testsuite name="pytest" errors="0" failures="0" skipped="0" tests="11" time="3.549" timestamp="2026-03-16T03:08:22.044297+00:00" hostname="agent-env-6f3ec730-a307-4bb5-a473-88fa6fadb451"><testcase classname="backend.tests.test_ir_sor_export.TestBulkPDFExport" name="test_pdf_export_returns_200" time="0.708" /><testcase classname="backend.tests.test_ir_sor_export.TestBulkPDFExport" name="test_pdf_export_returns_valid_pdf" time="0.223" /><testcase classname="backend.tests.test_ir_sor_export.TestBulkPDFExport" name="test_pdf_export_with_date_filter" time="0.223" /><testcase classname="backend.tests.test_ir_sor_export.TestBulkPDFExport" name="test_pdf_export_with_severity_filter" time="0.189" /><testcase classname="backend.tests.test_ir_sor_export.TestBulkPDFExport" name="test_pdf_export_with_status_filter" time="0.180" /><testcase classname="backend.tests.test_ir_sor_export.TestExcelExport" name="test_excel_export_returns_200" time="0.315" /><testcase classname="backend.tests.test_ir_sor_export.TestExcelExport" name="test_excel_export_returns_valid_xlsx" time="0.166" /><testcase classname="backend.tests.test_ir_sor_export.TestExcelExport" name="test_excel_export_with_report_type_filter" time="0.237" /><testcase classname="backend.tests.test_ir_sor_export.TestExcelExport" name="test_excel_export_with_severity_filter" time="0.166" /><testcase classname="backend.tests.test_ir_sor_export.TestReportsDataAvailability" name="test_reports_exist_in_database" time="0.200" /><testcase classname="backend.tests.test_ir_sor_export.TestReportsDataAvailability" name="test_reports_stats_show_data" time="0.881" /></testsuite></testsuites>