<?xml version="1.0" encoding="utf-8"?><testsuites name="pytest tests"><testsuite name="pytest" errors="0" failures="0" skipped="0" tests="7" time="3.613" timestamp="2026-03-28T13:11:31.880258+00:00" hostname="agent-env-a5722951-3875-4de6-9f68-195b56942f06"><testcase classname="backend.tests.test_manager_notifications.TestManagerNotificationEndpoints" name="test_get_manager_notifications" time="0.533" /><testcase classname="backend.tests.test_manager_notifications.TestManagerNotificationEndpoints" name="test_mark_notification_read" time="0.224" /><testcase classname="backend.tests.test_manager_notifications.TestManagerNotificationEndpoints" name="test_mark_all_notifications_read" time="0.266" /><testcase classname="backend.tests.test_manager_notifications.TestTimeOffNotificationCreation" name="test_time_off_creates_notification" time="0.452" /><testcase classname="backend.tests.test_manager_notifications.TestSwapRequestNotificationCreation" name="test_swap_request_creates_notification" time="0.742" /><testcase classname="backend.tests.test_manager_notifications.TestGlobalShiftSummary" name="test_get_global_shift_summary" time="0.282" /><testcase classname="backend.tests.test_manager_notifications.TestDashboardAnalyticsEndpoint" name="test_get_platform_stats" time="1.048" /></testsuite></testsuites>