<?xml version="1.0" encoding="utf-8"?><testsuites name="pytest tests"><testsuite name="pytest" errors="0" failures="0" skipped="0" tests="11" time="7.807" timestamp="2026-02-27T20:16:56.234946+00:00" hostname="agent-env-322526e7-ab65-46c9-832f-cbd0d5b2a0e8"><testcase classname="backend.tests.test_meetings_integration.TestCalendarMeetingsIntegration" name="test_get_calendar_events_endpoint" time="0.458" /><testcase classname="backend.tests.test_meetings_integration.TestCalendarMeetingsIntegration" name="test_create_calendar_event_for_meetings" time="0.917" /><testcase classname="backend.tests.test_meetings_integration.TestCalendarMeetingsIntegration" name="test_meeting_card_data_format" time="0.611" /><testcase classname="backend.tests.test_meetings_integration.TestCalendarMeetingsIntegration" name="test_delete_meeting_from_calendar" time="0.992" /><testcase classname="backend.tests.test_meetings_integration.TestCalendarMeetingsIntegration" name="test_get_single_event_by_id" time="0.879" /><testcase classname="backend.tests.test_meetings_integration.TestCalendarMeetingsIntegration" name="test_update_calendar_event" time="1.114" /><testcase classname="backend.tests.test_meetings_integration.TestCalendarMeetingsIntegration" name="test_stats_counts_match_events" time="0.485" /><testcase classname="backend.tests.test_meetings_integration.TestCalendarMeetingsIntegration" name="test_non_existent_event_returns_404" time="0.668" /><testcase classname="backend.tests.test_meetings_integration.TestMeetingsAPIRequirements" name="test_user_id_required_for_events" time="0.339" /><testcase classname="backend.tests.test_meetings_integration.TestMeetingsAPIRequirements" name="test_video_call_link_auto_generated" time="0.605" /><testcase classname="backend.tests.test_meetings_integration.TestMeetingsAPIRequirements" name="test_creator_info_included_in_response" time="0.683" /></testsuite></testsuites>