<?xml version="1.0" encoding="utf-8"?><testsuites name="pytest tests"><testsuite name="pytest" errors="0" failures="2" skipped="0" tests="17" time="2.971" timestamp="2026-03-04T14:14:27.681901+00:00" hostname="agent-env-0fd385d1-ef5e-41fa-b6e0-2d070862c126"><testcase classname="backend.tests.test_message_settings.TestMessageSettings" name="test_get_settings_default" time="0.363" /><testcase classname="backend.tests.test_message_settings.TestMessageSettings" name="test_update_settings_notifications" time="0.158" /><testcase classname="backend.tests.test_message_settings.TestMessageSettings" name="test_update_settings_signature" time="0.237" /><testcase classname="backend.tests.test_message_settings.TestMessageSettings" name="test_update_settings_email_alias" time="0.138" /><testcase classname="backend.tests.test_message_settings.TestMessageSettings" name="test_update_settings_auto_reply" time="0.144" /><testcase classname="backend.tests.test_message_settings.TestMessageSettings" name="test_update_settings_ai_personalization" time="0.140" /><testcase classname="backend.tests.test_message_settings.TestMessageFilters" name="test_get_filters_empty" time="0.102" /><testcase classname="backend.tests.test_message_settings.TestMessageFilters" name="test_create_filter" time="0.119" /><testcase classname="backend.tests.test_message_settings.TestMessageFilters" name="test_update_filter" time="0.187" /><testcase classname="backend.tests.test_message_settings.TestMessageFilters" name="test_delete_filter" time="0.090"><failure message="assert 404 == 200&#10; +  where 404 = &lt;Response [404]&gt;.status_code">backend/tests/test_message_settings.py:255: in test_delete_filter
    assert response.status_code == 200
E   assert 404 == 200
E    +  where 404 = &lt;Response [404]&gt;.status_code</failure></testcase><testcase classname="backend.tests.test_message_settings.TestMessageContacts" name="test_get_contacts_empty" time="0.138" /><testcase classname="backend.tests.test_message_settings.TestMessageContacts" name="test_create_contact" time="0.116" /><testcase classname="backend.tests.test_message_settings.TestMessageContacts" name="test_update_contact" time="0.148" /><testcase classname="backend.tests.test_message_settings.TestMessageContacts" name="test_delete_contact" time="0.120"><failure message="assert 404 == 200&#10; +  where 404 = &lt;Response [404]&gt;.status_code">backend/tests/test_message_settings.py:357: in test_delete_contact
    assert response.status_code == 200
E   assert 404 == 200
E    +  where 404 = &lt;Response [404]&gt;.status_code</failure></testcase><testcase classname="backend.tests.test_message_settings.TestAssistantSettings" name="test_get_assistant_settings" time="0.098" /><testcase classname="backend.tests.test_message_settings.TestAssistantSettings" name="test_update_assistant_settings" time="0.253" /><testcase classname="backend.tests.test_message_settings" name="test_cleanup_test_data" time="0.288" /></testsuite></testsuites>