<?xml version="1.0" encoding="utf-8"?><testsuites name="pytest tests"><testsuite name="pytest" errors="0" failures="1" skipped="0" tests="16" time="48.349" timestamp="2026-03-18T03:16:36.504394+00:00" hostname="agent-env-153e07e3-18f2-43ae-8b7f-bee83114cdf9"><testcase classname="backend.tests.test_message_ai_features.TestSmartReplies" name="test_smart_replies_returns_array_of_suggestions" time="30.123"><failure message="requests.exceptions.ReadTimeout: HTTPSConnectionPool(host='signature-hub-17.preview.emergentagent.com', port=443): Read timed out. (read timeout=30)">/root/.venv/lib/python3.11/site-packages/urllib3/connectionpool.py:534: in _make_request
    response = conn.getresponse()
               ^^^^^^^^^^^^^^^^^^
/root/.venv/lib/python3.11/site-packages/urllib3/connection.py:571: in getresponse
    httplib_response = super().getresponse()
                       ^^^^^^^^^^^^^^^^^^^^^
/usr/local/lib/python3.11/http/client.py:1395: in getresponse
    response.begin()
/usr/local/lib/python3.11/http/client.py:325: in begin
    version, status, reason = self._read_status()
                              ^^^^^^^^^^^^^^^^^^^
/usr/local/lib/python3.11/http/client.py:286: in _read_status
    line = str(self.fp.readline(_MAXLINE + 1), "iso-8859-1")
               ^^^^^^^^^^^^^^^^^^^^^^^^^^^^^^
/usr/local/lib/python3.11/socket.py:718: in readinto
    return self._sock.recv_into(b)
           ^^^^^^^^^^^^^^^^^^^^^^^
/usr/local/lib/python3.11/ssl.py:1314: in recv_into
    return self.read(nbytes, buffer)
           ^^^^^^^^^^^^^^^^^^^^^^^^^
/usr/local/lib/python3.11/ssl.py:1166: in read
    return self._sslobj.read(len, buffer)
           ^^^^^^^^^^^^^^^^^^^^^^^^^^^^^^
E   TimeoutError: The read operation timed out

The above exception was the direct cause of the following exception:
/root/.venv/lib/python3.11/site-packages/requests/adapters.py:644: in send
    resp = conn.urlopen(
/root/.venv/lib/python3.11/site-packages/urllib3/connectionpool.py:841: in urlopen
    retries = retries.increment(
/root/.venv/lib/python3.11/site-packages/urllib3/util/retry.py:490: in increment
    raise reraise(type(error), error, _stacktrace)
          ^^^^^^^^^^^^^^^^^^^^^^^^^^^^^^^^^^^^^^^^
/root/.venv/lib/python3.11/site-packages/urllib3/util/util.py:39: in reraise
    raise value
/root/.venv/lib/python3.11/site-packages/urllib3/connectionpool.py:787: in urlopen
    response = self._make_request(
/root/.venv/lib/python3.11/site-packages/urllib3/connectionpool.py:536: in _make_request
    self._raise_timeout(err=e, url=url, timeout_value=read_timeout)
/root/.venv/lib/python3.11/site-packages/urllib3/connectionpool.py:367: in _raise_timeout
    raise ReadTimeoutError(
E   urllib3.exceptions.ReadTimeoutError: HTTPSConnectionPool(host='signature-hub-17.preview.emergentagent.com', port=443): Read timed out. (read timeout=30)

During handling of the above exception, another exception occurred:
backend/tests/test_message_ai_features.py:66: in test_smart_replies_returns_array_of_suggestions
    response = api_client.post(
/root/.venv/lib/python3.11/site-packages/requests/sessions.py:637: in post
    return self.request("POST", url, data=data, json=json, **kwargs)
           ^^^^^^^^^^^^^^^^^^^^^^^^^^^^^^^^^^^^^^^^^^^^^^^^^^^^^^^^^
/root/.venv/lib/python3.11/site-packages/requests/sessions.py:589: in request
    resp = self.send(prep, **send_kwargs)
           ^^^^^^^^^^^^^^^^^^^^^^^^^^^^^^
/root/.venv/lib/python3.11/site-packages/requests/sessions.py:703: in send
    r = adapter.send(request, **kwargs)
        ^^^^^^^^^^^^^^^^^^^^^^^^^^^^^^^
/root/.venv/lib/python3.11/site-packages/requests/adapters.py:690: in send
    raise ReadTimeout(e, request=request)
E   requests.exceptions.ReadTimeout: HTTPSConnectionPool(host='signature-hub-17.preview.emergentagent.com', port=443): Read timed out. (read timeout=30)</failure></testcase><testcase classname="backend.tests.test_message_ai_features.TestSmartReplies" name="test_smart_replies_with_minimal_data" time="3.674" /><testcase classname="backend.tests.test_message_ai_features.TestSummarizeThread" name="test_summarize_thread_returns_summary" time="2.228" /><testcase classname="backend.tests.test_message_ai_features.TestSummarizeThread" name="test_summarize_single_message_thread" time="2.137" /><testcase classname="backend.tests.test_message_ai_features.TestSuggestActions" name="test_suggest_actions_returns_action_list" time="1.916" /><testcase classname="backend.tests.test_message_ai_features.TestDraftReply" name="test_draft_reply_returns_draft_text" time="2.289" /><testcase classname="backend.tests.test_message_ai_features.TestDraftReply" name="test_draft_reply_with_thread_context" time="1.573" /><testcase classname="backend.tests.test_message_ai_features.TestCategorizeMessage" name="test_categorize_returns_valid_category" time="0.564" /><testcase classname="backend.tests.test_message_ai_features.TestCategorizeMessage" name="test_categorize_work_message" time="0.610" /><testcase classname="backend.tests.test_message_ai_features.TestCategorizeMessage" name="test_categorize_urgent_message" time="0.760" /><testcase classname="backend.tests.test_message_ai_features.TestCategorizeMessage" name="test_categorize_finance_message" time="0.667" /><testcase classname="backend.tests.test_message_ai_features.TestAISettingsIntegration" name="test_get_message_settings" time="0.109" /><testcase classname="backend.tests.test_message_ai_features.TestAISettingsIntegration" name="test_get_assistant_settings" time="0.110" /><testcase classname="backend.tests.test_message_ai_features.TestAISettingsIntegration" name="test_update_assistant_settings" time="0.263" /><testcase classname="backend.tests.test_message_ai_features.TestAIEndpointsErrorHandling" name="test_smart_replies_missing_user_id" time="0.058" /><testcase classname="backend.tests.test_message_ai_features.TestAIEndpointsErrorHandling" name="test_draft_reply_empty_content" time="0.965" /></testsuite></testsuites>