<?xml version="1.0" encoding="utf-8"?><testsuites name="pytest tests"><testsuite name="pytest" errors="0" failures="0" skipped="0" tests="14" time="10.543" timestamp="2026-03-26T18:47:35.354051+00:00" hostname="agent-env-de014211-221d-4b8c-a814-e4f47f7e446b"><testcase classname="backend.tests.test_module_permissions.TestModulePermissionsAPI" name="test_admin_login_returns_super_admin_role" time="0.854" /><testcase classname="backend.tests.test_module_permissions.TestModulePermissionsAPI" name="test_login_returns_module_permissions_for_super_admin" time="0.449" /><testcase classname="backend.tests.test_module_permissions.TestModulePermissionsAPI" name="test_get_all_modules" time="0.602" /><testcase classname="backend.tests.test_module_permissions.TestModulePermissionsAPI" name="test_modules_have_expected_keys" time="0.562" /><testcase classname="backend.tests.test_module_permissions.TestModulePermissionsAPI" name="test_get_role_templates" time="0.750" /><testcase classname="backend.tests.test_module_permissions.TestModulePermissionsAPI" name="test_super_admin_template_has_all_permissions" time="0.683" /><testcase classname="backend.tests.test_module_permissions.TestModulePermissionsAPI" name="test_admin_template_has_restricted_permissions" time="0.727" /><testcase classname="backend.tests.test_module_permissions.TestModulePermissionsAPI" name="test_update_admin_template_succeeds" time="1.238" /><testcase classname="backend.tests.test_module_permissions.TestModulePermissionsAPI" name="test_update_super_admin_template_rejected" time="0.932" /><testcase classname="backend.tests.test_module_permissions.TestModulePermissionsAPI" name="test_update_invalid_role_rejected" time="0.640" /><testcase classname="backend.tests.test_module_permissions.TestModulePermissionsAPI" name="test_update_with_invalid_module_rejected" time="0.572" /><testcase classname="backend.tests.test_module_permissions.TestModulePermissionsAPI" name="test_get_user_permissions" time="0.664" /><testcase classname="backend.tests.test_module_permissions.TestModulePermissionsAPI" name="test_get_nonexistent_user_returns_404" time="0.594" /><testcase classname="backend.tests.test_module_permissions.TestModulePermissionsIntegration" name="test_full_rbac_flow" time="1.192" /></testsuite></testsuites>