<?xml version="1.0" encoding="utf-8"?><testsuites name="pytest tests"><testsuite name="pytest" errors="0" failures="0" skipped="3" tests="15" time="17.746" timestamp="2026-03-26T19:29:14.444944+00:00" hostname="agent-env-de014211-221d-4b8c-a814-e4f47f7e446b"><testcase classname="backend.tests.test_org_scoped_broadcasts.TestOrgMemberCreation" name="test_org_admin_login_returns_org_info" time="1.359" /><testcase classname="backend.tests.test_org_scoped_broadcasts.TestOrgMemberCreation" name="test_org_manager_login_returns_org_info" time="4.329" /><testcase classname="backend.tests.test_org_scoped_broadcasts.TestOrgMemberCreation" name="test_org_member_login_returns_org_info" time="1.156" /><testcase classname="backend.tests.test_org_scoped_broadcasts.TestOrgMemberCreation" name="test_super_admin_has_no_org" time="1.026" /><testcase classname="backend.tests.test_org_scoped_broadcasts.TestUserVisibilityByRole" name="test_super_admin_sees_all_users" time="0.609" /><testcase classname="backend.tests.test_org_scoped_broadcasts.TestUserVisibilityByRole" name="test_org_admin_sees_only_org_members" time="0.738" /><testcase classname="backend.tests.test_org_scoped_broadcasts.TestBroadcastOrgScoping" name="test_org_admin_broadcast_sends_to_org_only" time="1.436" /><testcase classname="backend.tests.test_org_scoped_broadcasts.TestBroadcastOrgScoping" name="test_super_admin_broadcast_sends_to_all" time="2.338" /><testcase classname="backend.tests.test_org_scoped_broadcasts.TestBroadcastOrgScoping" name="test_org_admin_sees_only_org_broadcasts" time="1.232" /><testcase classname="backend.tests.test_org_scoped_broadcasts.TestBroadcastOrgScoping" name="test_super_admin_sees_all_broadcasts" time="1.200" /><testcase classname="backend.tests.test_org_scoped_broadcasts.TestScheduledExportsOrgScoping" name="test_org_admin_sees_only_org_exports" time="0.865" /><testcase classname="backend.tests.test_org_scoped_broadcasts.TestScheduledExportsOrgScoping" name="test_org_admin_creates_org_scoped_export" time="0.962" /><testcase classname="backend.tests.test_org_scoped_broadcasts.TestOrgMemberRoleMapping" name="test_add_member_with_admin_role" time="0.141"><skipped type="pytest.skip" message="Could not get org_id">/app/backend/tests/test_org_scoped_broadcasts.py:401: Could not get org_id</skipped></testcase><testcase classname="backend.tests.test_org_scoped_broadcasts.TestOrgMemberRoleMapping" name="test_add_member_with_manager_role" time="0.125"><skipped type="pytest.skip" message="Could not get org_id">/app/backend/tests/test_org_scoped_broadcasts.py:435: Could not get org_id</skipped></testcase><testcase classname="backend.tests.test_org_scoped_broadcasts.TestOrgMemberRoleMapping" name="test_add_member_with_member_role" time="0.143"><skipped type="pytest.skip" message="Could not get org_id">/app/backend/tests/test_org_scoped_broadcasts.py:468: Could not get org_id</skipped></testcase></testsuite></testsuites>