<?xml version="1.0" encoding="utf-8"?><testsuites name="pytest tests"><testsuite name="pytest" errors="0" failures="0" skipped="0" tests="10" time="3.873" timestamp="2026-03-19T22:45:24.999266+00:00" hostname="agent-env-1b443e38-5efa-4d3a-a360-fa959ddc96f3"><testcase classname="backend.tests.test_org_dashboard.TestOrgDashboardAPI" name="test_dashboard_returns_full_data" time="1.036" /><testcase classname="backend.tests.test_org_dashboard.TestOrgDashboardAPI" name="test_dashboard_stats_structure" time="0.476" /><testcase classname="backend.tests.test_org_dashboard.TestOrgDashboardAPI" name="test_dashboard_members_data" time="0.496" /><testcase classname="backend.tests.test_org_dashboard.TestOrgDashboardAPI" name="test_dashboard_role_distribution" time="0.449" /><testcase classname="backend.tests.test_org_dashboard.TestOrgDashboardAPI" name="test_dashboard_403_for_non_member" time="0.695" /><testcase classname="backend.tests.test_org_dashboard.TestOrgDashboardAPI" name="test_dashboard_404_for_nonexistent_org" time="0.147" /><testcase classname="backend.tests.test_org_dashboard.TestOrgDashboardAPI" name="test_dashboard_workspaces_and_activity" time="0.504" /><testcase classname="backend.tests.test_org_dashboard.TestBusinessUserValidation" name="test_business_user_has_org_id" time="0.000" /><testcase classname="backend.tests.test_org_dashboard.TestBusinessUserValidation" name="test_business_user_account_type" time="0.000" /><testcase classname="backend.tests.test_org_dashboard.TestBusinessUserValidation" name="test_personal_user_no_org_or_personal_type" time="0.000" /></testsuite></testsuites>