<?xml version="1.0" encoding="utf-8"?><testsuites name="pytest tests"><testsuite name="pytest" errors="0" failures="0" skipped="0" tests="8" time="9.711" timestamp="2026-03-19T22:28:16.882591+00:00" hostname="agent-env-1b443e38-5efa-4d3a-a360-fa959ddc96f3"><testcase classname="backend.tests.test_org_signup_domain_edit.TestOrgSelfSignup" name="test_org_signup_creates_org_and_admin" time="1.523" /><testcase classname="backend.tests.test_org_signup_domain_edit.TestOrgSelfSignup" name="test_org_signup_duplicate_org_name_returns_400" time="1.182" /><testcase classname="backend.tests.test_org_signup_domain_edit.TestOrgSelfSignup" name="test_org_signup_duplicate_email_returns_400" time="1.099" /><testcase classname="backend.tests.test_org_signup_domain_edit.TestEditOrgMember" name="test_edit_member_updates_name_email_role_plan_status" time="1.283" /><testcase classname="backend.tests.test_org_signup_domain_edit.TestEditOrgMember" name="test_edit_member_duplicate_email_returns_400" time="1.917" /><testcase classname="backend.tests.test_org_signup_domain_edit.TestDomainAutoEnrollment" name="test_register_with_munal_domain_auto_enrolls" time="0.738" /><testcase classname="backend.tests.test_org_signup_domain_edit.TestDomainAutoEnrollment" name="test_register_with_gmail_stays_personal" time="0.672" /><testcase classname="backend.tests.test_org_signup_domain_edit.TestOrgSignupCreatedOrgVisible" name="test_created_org_appears_in_list" time="1.225" /></testsuite></testsuites>