<?xml version="1.0" encoding="utf-8"?><testsuites name="pytest tests"><testsuite name="pytest" errors="0" failures="0" skipped="0" tests="12" time="4.786" timestamp="2026-03-19T23:00:29.796430+00:00" hostname="agent-env-1b443e38-5efa-4d3a-a360-fa959ddc96f3"><testcase classname="backend.tests.test_org_invite_direct_create.TestOrgInviteEndpoint" name="test_send_invite_returns_link_and_token" time="0.757" /><testcase classname="backend.tests.test_org_invite_direct_create.TestOrgInviteEndpoint" name="test_invite_duplicate_org_member_returns_400" time="0.134" /><testcase classname="backend.tests.test_org_invite_direct_create.TestOrgInviteEndpoint" name="test_invite_nonexistent_org_returns_404" time="0.094" /><testcase classname="backend.tests.test_org_invite_direct_create.TestInviteValidateEndpoint" name="test_validate_valid_token_returns_org_info" time="0.141" /><testcase classname="backend.tests.test_org_invite_direct_create.TestInviteValidateEndpoint" name="test_validate_invalid_token_returns_404" time="0.094" /><testcase classname="backend.tests.test_org_invite_direct_create.TestListOrgInvites" name="test_list_invites_returns_pending" time="0.098" /><testcase classname="backend.tests.test_org_invite_direct_create.TestDirectCreateEndpoint" name="test_direct_create_success" time="0.399" /><testcase classname="backend.tests.test_org_invite_direct_create.TestDirectCreateEndpoint" name="test_direct_create_duplicate_email_returns_400" time="0.140" /><testcase classname="backend.tests.test_org_invite_direct_create.TestDirectCreateEndpoint" name="test_direct_create_nonexistent_org_returns_404" time="0.095" /><testcase classname="backend.tests.test_org_invite_direct_create.TestRegisterWithInviteToken" name="test_register_with_invite_token_assigns_org" time="1.056" /><testcase classname="backend.tests.test_org_invite_direct_create.TestRegisterWithInviteToken" name="test_register_without_invite_creates_personal_account" time="0.445" /><testcase classname="backend.tests.test_org_invite_direct_create.TestInviteFlow" name="test_complete_invite_flow" time="1.248" /></testsuite></testsuites>