<?xml version="1.0" encoding="utf-8"?><testsuites name="pytest tests"><testsuite name="pytest" errors="0" failures="0" skipped="0" tests="17" time="47.160" timestamp="2026-03-19T21:57:53.676290+00:00" hostname="agent-env-1b443e38-5efa-4d3a-a360-fa959ddc96f3"><testcase classname="backend.tests.test_organizations_api.TestOrganizationsList" name="test_list_organizations_returns_200" time="41.245" /><testcase classname="backend.tests.test_organizations_api.TestOrganizationsList" name="test_list_organizations_contains_member_count" time="0.354" /><testcase classname="backend.tests.test_organizations_api.TestOrganizationsList" name="test_existing_org_munal_inc_present" time="0.304" /><testcase classname="backend.tests.test_organizations_api.TestOrganizationCRUD" name="test_create_organization_success" time="0.437" /><testcase classname="backend.tests.test_organizations_api.TestOrganizationCRUD" name="test_create_organization_duplicate_name_returns_400" time="0.209" /><testcase classname="backend.tests.test_organizations_api.TestOrganizationCRUD" name="test_get_organization_by_id" time="0.205" /><testcase classname="backend.tests.test_organizations_api.TestOrganizationCRUD" name="test_get_organization_not_found" time="0.151" /><testcase classname="backend.tests.test_organizations_api.TestOrganizationCRUD" name="test_update_organization" time="0.631" /><testcase classname="backend.tests.test_organizations_api.TestOrganizationCRUD" name="test_delete_organization" time="0.598" /><testcase classname="backend.tests.test_organizations_api.TestOrganizationMembers" name="test_get_organization_members" time="0.204" /><testcase classname="backend.tests.test_organizations_api.TestOrganizationMembers" name="test_add_member_to_organization" time="0.649" /><testcase classname="backend.tests.test_organizations_api.TestOrganizationMembers" name="test_add_member_duplicate_email_returns_400" time="0.183" /><testcase classname="backend.tests.test_organizations_api.TestOrganizationMembers" name="test_remove_member_from_organization" time="0.632" /><testcase classname="backend.tests.test_organizations_api.TestOrganizationStats" name="test_get_organization_stats" time="0.396" /><testcase classname="backend.tests.test_organizations_api.TestOrganizationStats" name="test_stats_for_nonexistent_org_returns_404" time="0.146" /><testcase classname="backend.tests.test_organizations_api.TestUsersEndpointWithOrgFields" name="test_create_user_with_business_account_type" time="0.590" /><testcase classname="backend.tests.test_organizations_api.TestUsersEndpointWithOrgFields" name="test_get_users_contains_account_type_field" time="0.142" /></testsuite></testsuites>