<?xml version="1.0" encoding="utf-8"?><testsuites name="pytest tests"><testsuite name="pytest" errors="0" failures="0" skipped="0" tests="21" time="47.612" timestamp="2026-02-25T00:11:02.285120+00:00" hostname="agent-env-14c40712-2354-4310-9745-e0782cf5ec21"><testcase classname="backend.tests.test_payments.TestPaymentPackages" name="test_get_packages_returns_200" time="37.981" /><testcase classname="backend.tests.test_payments.TestPaymentPackages" name="test_get_packages_returns_list" time="0.623" /><testcase classname="backend.tests.test_payments.TestPaymentPackages" name="test_packages_contain_required_fields" time="0.104" /><testcase classname="backend.tests.test_payments.TestPaymentPackages" name="test_packages_include_free_tier" time="0.151" /><testcase classname="backend.tests.test_payments.TestPaymentPackages" name="test_packages_include_pro_tiers" time="0.128" /><testcase classname="backend.tests.test_payments.TestPaymentPackages" name="test_packages_include_enterprise_tiers" time="0.151" /><testcase classname="backend.tests.test_payments.TestPaymentCheckout" name="test_checkout_free_plan_no_payment_required" time="0.123" /><testcase classname="backend.tests.test_payments.TestPaymentCheckout" name="test_checkout_paid_plan_returns_checkout_url" time="0.546" /><testcase classname="backend.tests.test_payments.TestPaymentCheckout" name="test_checkout_creates_transaction_record" time="0.713" /><testcase classname="backend.tests.test_payments.TestPaymentCheckout" name="test_checkout_invalid_package_returns_400" time="0.136" /><testcase classname="backend.tests.test_payments.TestPaymentCheckout" name="test_checkout_with_enterprise_package" time="0.529" /><testcase classname="backend.tests.test_payments.TestPaymentStatus" name="test_payment_status_for_valid_session" time="0.957" /><testcase classname="backend.tests.test_payments.TestPaymentStatus" name="test_payment_status_returns_stripe_info" time="0.829" /><testcase classname="backend.tests.test_payments.TestPaymentTransactions" name="test_get_transactions_by_user_id" time="0.762" /><testcase classname="backend.tests.test_payments.TestPaymentTransactions" name="test_get_transactions_by_email" time="0.678" /><testcase classname="backend.tests.test_payments.TestPaymentTransactions" name="test_transaction_contains_required_fields" time="0.829" /><testcase classname="backend.tests.test_payments.TestAdminTransactions" name="test_get_all_transactions_returns_200" time="0.159" /><testcase classname="backend.tests.test_payments.TestAdminTransactions" name="test_get_all_transactions_returns_list" time="0.127" /><testcase classname="backend.tests.test_payments.TestAdminTransactions" name="test_get_all_transactions_with_pagination" time="0.130" /><testcase classname="backend.tests.test_payments.TestAdminTransactions" name="test_all_transactions_include_user_info" time="0.629" /><testcase classname="backend.tests.test_payments.TestIntegrationFlow" name="test_full_checkout_flow" time="1.245" /></testsuite></testsuites>