<?xml version="1.0" encoding="utf-8"?><testsuites name="pytest tests"><testsuite name="pytest" errors="0" failures="1" skipped="0" tests="7" time="2.262" timestamp="2026-03-18T14:16:30.428860+00:00" hostname="agent-env-1ccb324c-9530-416c-9e8d-c11c6433df45"><testcase classname="backend.tests.test_pdf_to_word.TestPdfToWordConversion" name="test_convert_pdf_to_word_success" time="1.081" /><testcase classname="backend.tests.test_pdf_to_word.TestPdfToWordConversion" name="test_convert_pdf_to_word_rejects_non_pdf" time="0.139" /><testcase classname="backend.tests.test_pdf_to_word.TestPdfToWordConversion" name="test_convert_pdf_to_word_rejects_docx_file" time="0.155" /><testcase classname="backend.tests.test_pdf_to_word.TestPdfToWordConversion" name="test_convert_pdf_to_word_output_filename" time="0.159" /><testcase classname="backend.tests.test_pdf_to_word.TestWordToPdfRegression" name="test_word_to_pdf_still_works" time="0.190"><failure message="AssertionError: Expected 200 but got 500: Internal Server Error&#10;assert 500 == 200&#10; +  where 500 = &lt;Response [500]&gt;.status_code">backend/tests/test_pdf_to_word.py:135: in test_word_to_pdf_still_works
    assert response.status_code == 200, f"Expected 200 but got {response.status_code}: {response.text}"
E   AssertionError: Expected 200 but got 500: Internal Server Error
E   assert 500 == 200
E    +  where 500 = &lt;Response [500]&gt;.status_code</failure></testcase><testcase classname="backend.tests.test_pdf_to_word.TestWordToPdfRegression" name="test_word_to_pdf_rejects_pdf_file" time="0.175" /><testcase classname="backend.tests.test_pdf_to_word.TestMultiPagePdfConversion" name="test_multipage_pdf_converts" time="0.159" /></testsuite></testsuites>