<?xml version="1.0" encoding="utf-8"?><testsuites name="pytest tests"><testsuite name="pytest" errors="0" failures="0" skipped="0" tests="9" time="6.481" timestamp="2026-03-28T13:25:04.394554+00:00" hostname="agent-env-a5722951-3875-4de6-9f68-195b56942f06"><testcase classname="tests.test_push_notifications.TestPushNotificationEndpoints" name="test_get_vapid_key" time="0.222" /><testcase classname="tests.test_push_notifications.TestPushNotificationEndpoints" name="test_subscribe_push" time="0.705" /><testcase classname="tests.test_push_notifications.TestPushNotificationEndpoints" name="test_duplicate_subscription_prevention" time="0.457" /><testcase classname="tests.test_push_notifications.TestPushNotificationEndpoints" name="test_get_push_status" time="0.632" /><testcase classname="tests.test_push_notifications.TestPushNotificationEndpoints" name="test_unsubscribe_push" time="0.591" /><testcase classname="tests.test_push_notifications.TestPushNotificationIntegration" name="test_time_off_triggers_push_notification" time="0.903" /><testcase classname="tests.test_push_notifications.TestPushNotificationIntegration" name="test_swap_request_triggers_push_notification" time="1.842" /><testcase classname="tests.test_push_notifications.TestRegressionManagerNotifications" name="test_manager_notifications_endpoint" time="0.789" /><testcase classname="tests.test_push_notifications.TestRegressionDashboard" name="test_dashboard_summary_endpoint" time="0.274" /></testsuite></testsuites>