<?xml version="1.0" encoding="utf-8"?><testsuites name="pytest tests"><testsuite name="pytest" errors="0" failures="0" skipped="0" tests="11" time="7.810" timestamp="2026-03-18T23:46:34.446885+00:00" hostname="agent-env-1ccb324c-9530-416c-9e8d-c11c6433df45"><testcase classname="backend.tests.test_reply_attachments.TestAttachmentUpload" name="test_upload_text_file" time="1.369" /><testcase classname="backend.tests.test_reply_attachments.TestAttachmentUpload" name="test_upload_pdf_file" time="0.358" /><testcase classname="backend.tests.test_reply_attachments.TestAttachmentUpload" name="test_upload_image_file" time="0.330" /><testcase classname="backend.tests.test_reply_attachments.TestAttachmentDownload" name="test_download_uploaded_attachment" time="0.617" /><testcase classname="backend.tests.test_reply_attachments.TestAttachmentDownload" name="test_download_nonexistent_attachment" time="0.143" /><testcase classname="backend.tests.test_reply_attachments.TestAttachmentDelete" name="test_delete_own_attachment" time="0.842" /><testcase classname="backend.tests.test_reply_attachments.TestAttachmentDelete" name="test_delete_nonexistent_attachment" time="0.154" /><testcase classname="backend.tests.test_reply_attachments.TestReplyWithAttachments" name="test_send_message_and_reply_with_attachment" time="0.936" /><testcase classname="backend.tests.test_reply_attachments.TestReplyWithAttachments" name="test_reply_without_attachments" time="0.440" /><testcase classname="backend.tests.test_reply_attachments.TestReplyWithAttachments" name="test_reply_with_multiple_attachments" time="1.480" /><testcase classname="backend.tests.test_reply_attachments.TestMessageThread" name="test_thread_includes_attachments" time="1.057" /></testsuite></testsuites>