<?xml version="1.0" encoding="utf-8"?><testsuites name="pytest tests"><testsuite name="pytest" errors="0" failures="0" skipped="0" tests="15" time="6.195" timestamp="2026-03-16T00:32:07.167666+00:00" hostname="agent-env-6f3ec730-a307-4bb5-a473-88fa6fadb451"><testcase classname="backend.tests.test_reports_ir_sor.TestHealthAndScheduler" name="test_health_endpoint" time="0.230" /><testcase classname="backend.tests.test_reports_ir_sor.TestReportsList" name="test_list_reports_basic" time="0.224" /><testcase classname="backend.tests.test_reports_ir_sor.TestReportsList" name="test_list_reports_filter_by_type" time="0.217" /><testcase classname="backend.tests.test_reports_ir_sor.TestReportsList" name="test_list_reports_filter_by_severity" time="0.214" /><testcase classname="backend.tests.test_reports_ir_sor.TestReportsList" name="test_list_reports_filter_by_status" time="0.224" /><testcase classname="backend.tests.test_reports_ir_sor.TestReportStats" name="test_get_report_stats" time="0.965" /><testcase classname="backend.tests.test_reports_ir_sor.TestExcelExport" name="test_excel_export_returns_valid_file" time="0.485" /><testcase classname="backend.tests.test_reports_ir_sor.TestExcelExport" name="test_excel_export_with_filters" time="0.191" /><testcase classname="backend.tests.test_reports_ir_sor.TestPDFExport" name="test_pdf_export_existing_report" time="0.494" /><testcase classname="backend.tests.test_reports_ir_sor.TestPDFExport" name="test_pdf_export_nonexistent_report" time="0.164" /><testcase classname="backend.tests.test_reports_ir_sor.TestReportCRUD" name="test_create_report_minor_severity" time="0.693" /><testcase classname="backend.tests.test_reports_ir_sor.TestReportCRUD" name="test_create_report_critical_severity_triggers_email" time="0.681" /><testcase classname="backend.tests.test_reports_ir_sor.TestReportCRUD" name="test_create_report_serious_occurrence" time="0.666" /><testcase classname="backend.tests.test_reports_ir_sor.TestReportCRUD" name="test_get_single_report" time="0.393" /><testcase classname="backend.tests.test_reports_ir_sor.TestCleanup" name="test_cleanup_test_reports" time="0.278" /></testsuite></testsuites>