<?xml version="1.0" encoding="utf-8"?><testsuites name="pytest tests"><testsuite name="pytest" errors="0" failures="0" skipped="0" tests="11" time="6.777" timestamp="2026-03-16T01:23:07.588684+00:00" hostname="agent-env-6f3ec730-a307-4bb5-a473-88fa6fadb451"><testcase classname="backend.tests.test_role_management.TestUserRoleVerification" name="test_justinoo2001_is_admin" time="0.673" /><testcase classname="backend.tests.test_role_management.TestPutUserRoleUpdate" name="test_update_role_to_manager" time="0.930" /><testcase classname="backend.tests.test_role_management.TestPutUserRoleUpdate" name="test_update_role_to_admin" time="0.817" /><testcase classname="backend.tests.test_role_management.TestPutUserRoleUpdate" name="test_update_role_to_user" time="0.688" /><testcase classname="backend.tests.test_role_management.TestAdminUserActionEndpoint" name="test_admin_action_set_role_admin" time="0.842" /><testcase classname="backend.tests.test_role_management.TestAdminUserActionEndpoint" name="test_admin_action_set_role_manager" time="0.884" /><testcase classname="backend.tests.test_role_management.TestAdminUserActionEndpoint" name="test_admin_action_set_role_user" time="0.998" /><testcase classname="backend.tests.test_role_management.TestAdminUsersList" name="test_admin_users_list_returns_users" time="0.201" /><testcase classname="backend.tests.test_role_management.TestAdminUsersList" name="test_admin_users_filter_by_role" time="0.196" /><testcase classname="backend.tests.test_role_management.TestUserModelValidation" name="test_user_update_rejects_invalid_empty_update" time="0.315" /><testcase classname="backend.tests.test_role_management.TestUserModelValidation" name="test_user_update_with_invalid_user_id" time="0.162" /></testsuite></testsuites>