<?xml version="1.0" encoding="utf-8"?><testsuites name="pytest tests"><testsuite name="pytest" errors="0" failures="0" skipped="0" tests="13" time="48.303" timestamp="2026-03-04T14:28:44.593983+00:00" hostname="agent-env-0fd385d1-ef5e-41fa-b6e0-2d070862c126"><testcase classname="backend.tests.test_shifts_p1_features.TestShiftPresetsAPI" name="test_get_shift_presets" time="41.692" /><testcase classname="backend.tests.test_shifts_p1_features.TestShiftPresetsAPI" name="test_create_shift_preset" time="0.353" /><testcase classname="backend.tests.test_shifts_p1_features.TestShiftPresetsAPI" name="test_create_preset_and_verify_persistence" time="0.359" /><testcase classname="backend.tests.test_shifts_p1_features.TestShiftPresetsAPI" name="test_delete_shift_preset" time="0.381" /><testcase classname="backend.tests.test_shifts_p1_features.TestShiftPresetsAPI" name="test_update_shift_preset" time="0.467" /><testcase classname="backend.tests.test_shifts_p1_features.TestShiftPresetsAPI" name="test_delete_nonexistent_preset_returns_404" time="0.152" /><testcase classname="backend.tests.test_shifts_p1_features.TestClockInOutAPI" name="test_clock_in" time="0.762" /><testcase classname="backend.tests.test_shifts_p1_features.TestClockInOutAPI" name="test_clock_out" time="1.054" /><testcase classname="backend.tests.test_shifts_p1_features.TestClockInOutAPI" name="test_get_clock_status" time="1.062" /><testcase classname="backend.tests.test_shifts_p1_features.TestClockInOutAPI" name="test_double_clock_in_prevented" time="0.910" /><testcase classname="backend.tests.test_shifts_p1_features.TestClockInOutAPI" name="test_clock_in_unauthorized_user" time="0.615" /><testcase classname="backend.tests.test_shifts_p1_features.TestTimesheetAPI" name="test_get_workspace_timesheet" time="0.228" /><testcase classname="backend.tests.test_shifts_p1_features.TestTimesheetAPI" name="test_get_timesheet_with_date_range" time="0.191" /></testsuite></testsuites>