<?xml version="1.0" encoding="utf-8"?><testsuites name="pytest tests"><testsuite name="pytest" errors="0" failures="0" skipped="0" tests="18" time="5.388" timestamp="2026-03-04T03:28:31.939730+00:00" hostname="agent-env-a1e90d33-403c-4e07-9cf9-3309396295f1"><testcase classname="backend.tests.test_shifts_api.TestShiftManagementAPI" name="test_health_check" time="0.211" /><testcase classname="backend.tests.test_shifts_api.TestShiftManagementAPI" name="test_create_shift" time="0.814" /><testcase classname="backend.tests.test_shifts_api.TestShiftManagementAPI" name="test_create_shift_with_hours_calculation" time="0.297" /><testcase classname="backend.tests.test_shifts_api.TestShiftManagementAPI" name="test_get_workspace_shifts" time="0.143" /><testcase classname="backend.tests.test_shifts_api.TestShiftManagementAPI" name="test_get_workspace_shifts_with_date_filter" time="0.163" /><testcase classname="backend.tests.test_shifts_api.TestShiftManagementAPI" name="test_get_single_shift" time="0.393" /><testcase classname="backend.tests.test_shifts_api.TestShiftManagementAPI" name="test_update_shift" time="0.582" /><testcase classname="backend.tests.test_shifts_api.TestShiftManagementAPI" name="test_delete_shift" time="0.431" /><testcase classname="backend.tests.test_shifts_api.TestShiftManagementAPI" name="test_duplicate_shift" time="0.662" /><testcase classname="backend.tests.test_shifts_api.TestShiftManagementAPI" name="test_get_workspace_summary" time="0.346" /><testcase classname="backend.tests.test_shifts_api.TestShiftManagementAPI" name="test_get_swap_requests" time="0.141" /><testcase classname="backend.tests.test_shifts_api.TestShiftManagementAPI" name="test_get_time_off_requests" time="0.142" /><testcase classname="backend.tests.test_shifts_api.TestShiftManagementAPI" name="test_export_shifts_json" time="0.152" /><testcase classname="backend.tests.test_shifts_api.TestShiftManagementAPI" name="test_export_shifts_csv" time="0.146" /><testcase classname="backend.tests.test_shifts_api.TestShiftManagementAPI" name="test_get_workspace_roles" time="0.186" /><testcase classname="backend.tests.test_shifts_api.TestShiftManagementAPI" name="test_get_workspace_departments" time="0.154" /><testcase classname="backend.tests.test_shifts_api.TestShiftManagementAPI" name="test_get_nonexistent_shift_returns_404" time="0.157" /><testcase classname="backend.tests.test_shifts_api.TestShiftManagementAPI" name="test_update_nonexistent_shift_returns_404" time="0.170" /></testsuite></testsuites>