<?xml version="1.0" encoding="utf-8"?><testsuites name="pytest tests"><testsuite name="pytest" errors="0" failures="0" skipped="0" tests="14" time="3.342" timestamp="2026-03-28T04:06:42.572955+00:00" hostname="agent-env-a5722951-3875-4de6-9f68-195b56942f06"><testcase classname="backend.tests.test_shifts_phase2_features.TestTimeOffBalance" name="test_get_time_off_balance_returns_200" time="0.196" /><testcase classname="backend.tests.test_shifts_phase2_features.TestTimeOffBalance" name="test_get_time_off_balance_auto_creates_default" time="0.212" /><testcase classname="backend.tests.test_shifts_phase2_features.TestTimeOffBalance" name="test_update_time_off_balance" time="0.498" /><testcase classname="backend.tests.test_shifts_phase2_features.TestTimeOffRequests" name="test_create_time_off_request" time="0.170" /><testcase classname="backend.tests.test_shifts_phase2_features.TestTimeOffRequests" name="test_get_time_off_requests_for_workspace" time="0.141" /><testcase classname="backend.tests.test_shifts_phase2_features.TestTimeOffRequests" name="test_approve_time_off_request" time="0.333" /><testcase classname="backend.tests.test_shifts_phase2_features.TestTimeOffRequests" name="test_reject_time_off_request" time="0.375" /><testcase classname="backend.tests.test_shifts_phase2_features.TestPdfExport" name="test_export_pdf_returns_html" time="0.164" /><testcase classname="backend.tests.test_shifts_phase2_features.TestPdfExport" name="test_export_pdf_with_date_range" time="0.174" /><testcase classname="backend.tests.test_shifts_phase2_features.TestSwapRequests" name="test_create_swap_request_requires_shift" time="0.415" /><testcase classname="backend.tests.test_shifts_phase2_features.TestSwapRequests" name="test_create_swap_request_invalid_shift_returns_404" time="0.137" /><testcase classname="backend.tests.test_shifts_phase2_features.TestSwapRequests" name="test_get_swap_requests_for_workspace" time="0.147" /><testcase classname="backend.tests.test_shifts_phase2_features.TestPhase1Regression" name="test_time_clock_status_endpoint" time="0.137" /><testcase classname="backend.tests.test_shifts_phase2_features.TestPhase1Regression" name="test_time_clock_history_endpoint" time="0.152" /></testsuite></testsuites>