<?xml version="1.0" encoding="utf-8"?><testsuites name="pytest tests"><testsuite name="pytest" errors="0" failures="0" skipped="0" tests="18" time="4.776" timestamp="2026-03-04T14:27:55.678842+00:00" hostname="agent-env-0fd385d1-ef5e-41fa-b6e0-2d070862c126"><testcase classname="backend.tests.test_shifts_api.TestShiftManagementAPI" name="test_health_check" time="0.181" /><testcase classname="backend.tests.test_shifts_api.TestShiftManagementAPI" name="test_create_shift" time="0.312" /><testcase classname="backend.tests.test_shifts_api.TestShiftManagementAPI" name="test_create_shift_with_hours_calculation" time="0.306" /><testcase classname="backend.tests.test_shifts_api.TestShiftManagementAPI" name="test_get_workspace_shifts" time="0.148" /><testcase classname="backend.tests.test_shifts_api.TestShiftManagementAPI" name="test_get_workspace_shifts_with_date_filter" time="0.192" /><testcase classname="backend.tests.test_shifts_api.TestShiftManagementAPI" name="test_get_single_shift" time="0.395" /><testcase classname="backend.tests.test_shifts_api.TestShiftManagementAPI" name="test_update_shift" time="0.568" /><testcase classname="backend.tests.test_shifts_api.TestShiftManagementAPI" name="test_delete_shift" time="0.409" /><testcase classname="backend.tests.test_shifts_api.TestShiftManagementAPI" name="test_duplicate_shift" time="0.584" /><testcase classname="backend.tests.test_shifts_api.TestShiftManagementAPI" name="test_get_workspace_summary" time="0.305" /><testcase classname="backend.tests.test_shifts_api.TestShiftManagementAPI" name="test_get_swap_requests" time="0.166" /><testcase classname="backend.tests.test_shifts_api.TestShiftManagementAPI" name="test_get_time_off_requests" time="0.147" /><testcase classname="backend.tests.test_shifts_api.TestShiftManagementAPI" name="test_export_shifts_json" time="0.156" /><testcase classname="backend.tests.test_shifts_api.TestShiftManagementAPI" name="test_export_shifts_csv" time="0.141" /><testcase classname="backend.tests.test_shifts_api.TestShiftManagementAPI" name="test_get_workspace_roles" time="0.148" /><testcase classname="backend.tests.test_shifts_api.TestShiftManagementAPI" name="test_get_workspace_departments" time="0.158" /><testcase classname="backend.tests.test_shifts_api.TestShiftManagementAPI" name="test_get_nonexistent_shift_returns_404" time="0.175" /><testcase classname="backend.tests.test_shifts_api.TestShiftManagementAPI" name="test_update_nonexistent_shift_returns_404" time="0.154" /></testsuite></testsuites>