<?xml version="1.0" encoding="utf-8"?><testsuites name="pytest tests"><testsuite name="pytest" errors="0" failures="0" skipped="0" tests="6" time="8.872" timestamp="2026-03-16T00:44:23.531895+00:00" hostname="agent-env-6f3ec730-a307-4bb5-a473-88fa6fadb451"><testcase classname="tests.test_sse_critical_incident.TestSSEConnection" name="test_sse_stream_endpoint_exists" time="0.584" /><testcase classname="tests.test_sse_critical_incident.TestSSEConnection" name="test_online_users_endpoint" time="0.120" /><testcase classname="tests.test_sse_critical_incident.TestCriticalIncidentSSEBroadcast" name="test_create_critical_report_with_sse_listener" time="6.632" /><testcase classname="tests.test_sse_critical_incident.TestCriticalIncidentSSEBroadcast" name="test_create_sor_report_triggers_sse" time="0.677" /><testcase classname="tests.test_sse_critical_incident.TestCriticalIncidentSSEBroadcast" name="test_minor_report_does_not_trigger_sse" time="0.691" /><testcase classname="tests.test_sse_critical_incident.TestUserStatusEndpoint" name="test_user_status_offline" time="0.113" /></testsuite></testsuites>