<?xml version="1.0" encoding="utf-8"?><testsuites name="pytest tests"><testsuite name="pytest" errors="0" failures="0" skipped="0" tests="18" time="3.998" timestamp="2026-03-02T16:46:25.414684+00:00" hostname="agent-env-82fc7a0c-75f8-40f9-9686-c6ac27d47285"><testcase classname="backend.tests.test_subscription_plans.TestPlansEndpoint" name="test_get_plans_success" time="0.671" /><testcase classname="backend.tests.test_subscription_plans.TestPlansEndpoint" name="test_plans_structure" time="0.199" /><testcase classname="backend.tests.test_subscription_plans.TestPlansEndpoint" name="test_free_plan_exists_with_correct_price" time="0.204" /><testcase classname="backend.tests.test_subscription_plans.TestPlansEndpoint" name="test_pro_plan_exists_with_correct_price" time="0.215" /><testcase classname="backend.tests.test_subscription_plans.TestPlansEndpoint" name="test_business_plan_exists_with_correct_price" time="0.147" /><testcase classname="backend.tests.test_subscription_plans.TestPlansEndpoint" name="test_enterprise_plan_exists_with_correct_price" time="0.194" /><testcase classname="backend.tests.test_subscription_plans.TestUserSubscriptionEndpoint" name="test_get_user_subscription_success" time="0.161" /><testcase classname="backend.tests.test_subscription_plans.TestUserSubscriptionEndpoint" name="test_user_subscription_returns_plan" time="0.250" /><testcase classname="backend.tests.test_subscription_plans.TestUserSubscriptionEndpoint" name="test_user_subscription_returns_usage" time="0.195" /><testcase classname="backend.tests.test_subscription_plans.TestUserSubscriptionEndpoint" name="test_user_subscription_usage_structure" time="0.179" /><testcase classname="backend.tests.test_subscription_plans.TestUserSubscriptionEndpoint" name="test_non_existent_user_returns_free_plan" time="0.153" /><testcase classname="backend.tests.test_subscription_plans.TestStripeSettingsEndpoint" name="test_get_stripe_settings_success" time="0.206" /><testcase classname="backend.tests.test_subscription_plans.TestStripeSettingsEndpoint" name="test_stripe_settings_structure" time="0.198" /><testcase classname="backend.tests.test_subscription_plans.TestStripeSettingsEndpoint" name="test_stripe_prices_structure" time="0.205" /><testcase classname="backend.tests.test_subscription_plans.TestPlanPricing" name="test_all_plans_have_annual_pricing" time="0.224" /><testcase classname="backend.tests.test_subscription_plans.TestPlanPricing" name="test_annual_pricing_is_discounted" time="0.153" /><testcase classname="backend.tests.test_subscription_plans.TestPlanFeatures" name="test_all_plans_have_features" time="0.207" /><testcase classname="backend.tests.test_subscription_plans.TestPlanFeatures" name="test_all_plans_have_limits" time="0.163" /></testsuite></testsuites>