<?xml version="1.0" encoding="utf-8"?><testsuites name="pytest tests"><testsuite name="pytest" errors="0" failures="0" skipped="0" tests="13" time="2.730" timestamp="2026-03-28T20:17:27.554373+00:00" hostname="agent-env-a5722951-3875-4de6-9f68-195b56942f06"><testcase classname="backend.tests.test_time_clock_reports.TestTimeClockReportsAPI" name="test_daily_report" time="0.195" /><testcase classname="backend.tests.test_time_clock_reports.TestTimeClockReportsAPI" name="test_weekly_report" time="0.171" /><testcase classname="backend.tests.test_time_clock_reports.TestTimeClockReportsAPI" name="test_monthly_report" time="0.180" /><testcase classname="backend.tests.test_time_clock_reports.TestTimeClockReportsAPI" name="test_yearly_report" time="0.160" /><testcase classname="backend.tests.test_time_clock_reports.TestTimeClockReportsAPI" name="test_report_with_user_filter" time="0.152" /><testcase classname="backend.tests.test_time_clock_reports.TestTimeClockReportsAPI" name="test_invalid_period" time="0.114" /><testcase classname="backend.tests.test_time_clock_reports.TestTimeClockReportsAPI" name="test_export_report_html" time="0.190" /><testcase classname="backend.tests.test_time_clock_reports.TestTimeClockReportsAPI" name="test_export_report_with_different_periods" time="0.771" /><testcase classname="backend.tests.test_time_clock_reports.TestTimeClockReportsAPI" name="test_user_summary_structure" time="0.142" /><testcase classname="backend.tests.test_time_clock_reports.TestTimeClockReportsAPI" name="test_daily_chart_structure" time="0.155" /><testcase classname="backend.tests.test_time_clock_reports.TestTimeClockReportsEdgeCases" name="test_nonexistent_workspace" time="0.143" /><testcase classname="backend.tests.test_time_clock_reports.TestTimeClockReportsEdgeCases" name="test_future_date" time="0.159" /><testcase classname="backend.tests.test_time_clock_reports.TestTimeClockReportsEdgeCases" name="test_default_date" time="0.137" /></testsuite></testsuites>