<?xml version="1.0" encoding="utf-8"?><testsuites name="pytest tests"><testsuite name="pytest" errors="0" failures="0" skipped="0" tests="9" time="5.395" timestamp="2026-03-26T19:02:51.182619+00:00" hostname="agent-env-de014211-221d-4b8c-a814-e4f47f7e446b"><testcase classname="backend.tests.test_user_visibility_audit_log.TestUserVisibilityFiltering" name="test_super_admin_sees_all_users" time="1.002" /><testcase classname="backend.tests.test_user_visibility_audit_log.TestUserVisibilityFiltering" name="test_admin_sees_only_org_users" time="0.883" /><testcase classname="backend.tests.test_user_visibility_audit_log.TestUserVisibilityFiltering" name="test_unauthenticated_sees_all_users" time="0.220" /><testcase classname="backend.tests.test_user_visibility_audit_log.TestUserVisibilityFiltering" name="test_admin_vs_super_admin_user_count" time="0.356" /><testcase classname="backend.tests.test_user_visibility_audit_log.TestPermissionAuditLog" name="test_audit_log_endpoint_exists" time="0.645" /><testcase classname="backend.tests.test_user_visibility_audit_log.TestPermissionAuditLog" name="test_audit_log_entry_structure" time="0.207" /><testcase classname="backend.tests.test_user_visibility_audit_log.TestPermissionAuditLog" name="test_template_update_creates_audit_log" time="1.078" /><testcase classname="backend.tests.test_user_visibility_audit_log.TestPermissionAuditLog" name="test_audit_log_pagination" time="0.185" /><testcase classname="backend.tests.test_user_visibility_audit_log.TestAuditLogChangesFormat" name="test_changes_have_module_labels" time="0.744" /></testsuite></testsuites>