<?xml version="1.0" encoding="utf-8"?><testsuites name="pytest tests"><testsuite name="pytest" errors="0" failures="0" skipped="0" tests="6" time="20.790" timestamp="2026-03-18T12:32:57.411638+00:00" hostname="agent-env-1ccb324c-9530-416c-9e8d-c11c6433df45"><testcase classname="backend.tests.test_voice_preview.TestTTSBase64Endpoint" name="test_tts_generate_base64_endpoint_exists" time="9.829" /><testcase classname="backend.tests.test_voice_preview.TestTTSBase64Endpoint" name="test_tts_generate_base64_with_all_voices" time="7.262" /><testcase classname="backend.tests.test_voice_preview.TestTTSBase64Endpoint" name="test_tts_generate_base64_default_voice" time="1.361" /><testcase classname="backend.tests.test_voice_preview.TestTTSBase64Endpoint" name="test_tts_generate_base64_speed_parameter" time="1.936" /><testcase classname="backend.tests.test_voice_preview.TestTTSVoicesEndpoint" name="test_tts_voices_endpoint_returns_all_voices" time="0.147" /><testcase classname="backend.tests.test_voice_preview.TestVideoGenerateWithVoice" name="test_video_generate_includes_voice_in_request" time="0.195" /></testsuite></testsuites>