<?xml version="1.0" encoding="utf-8"?><testsuites name="pytest tests"><testsuite name="pytest" errors="0" failures="0" skipped="0" tests="5" time="2.240" timestamp="2026-03-18T12:22:26.845095+00:00" hostname="agent-env-1ccb324c-9530-416c-9e8d-c11c6433df45"><testcase classname="tests.test_voice_video.TestVideoVoiceFeature" name="test_video_status_returns_supported_voices" time="0.240" /><testcase classname="tests.test_voice_video.TestVideoVoiceFeature" name="test_video_status_returns_other_metadata" time="0.140" /><testcase classname="tests.test_voice_video.TestVideoVoiceFeature" name="test_video_generate_accepts_voice_parameter" time="0.599" /><testcase classname="tests.test_voice_video.TestVideoVoiceFeature" name="test_video_generate_default_voice_nova" time="0.254" /><testcase classname="tests.test_voice_video.TestVideoVoiceFeature" name="test_video_generate_with_each_voice" time="0.949" /></testsuite></testsuites>