<?xml version="1.0" encoding="utf-8"?><testsuites name="pytest tests"><testsuite name="pytest" errors="0" failures="0" skipped="0" tests="14" time="7.435" timestamp="2026-02-27T05:14:13.496920+00:00" hostname="agent-env-47711f83-bf70-4f51-b709-ea85eb56805e"><testcase classname="backend.tests.test_workspace_members.TestUserSearchAPI" name="test_search_users_by_query" time="0.753" /><testcase classname="backend.tests.test_workspace_members.TestUserSearchAPI" name="test_search_users_by_email" time="0.178" /><testcase classname="backend.tests.test_workspace_members.TestUserSearchAPI" name="test_search_empty_query" time="0.157" /><testcase classname="backend.tests.test_workspace_members.TestWorkspaceMemberCRUD" name="test_get_members_empty_workspace" time="0.309" /><testcase classname="backend.tests.test_workspace_members.TestWorkspaceMemberCRUD" name="test_add_member_success" time="0.574" /><testcase classname="backend.tests.test_workspace_members.TestWorkspaceMemberCRUD" name="test_add_member_duplicate_error" time="0.804" /><testcase classname="backend.tests.test_workspace_members.TestWorkspaceMemberCRUD" name="test_add_member_nonexistent_user" time="0.524" /><testcase classname="backend.tests.test_workspace_members.TestWorkspaceMemberCRUD" name="test_update_member_role" time="0.747" /><testcase classname="backend.tests.test_workspace_members.TestWorkspaceMemberCRUD" name="test_update_nonexistent_member" time="0.491" /><testcase classname="backend.tests.test_workspace_members.TestWorkspaceMemberCRUD" name="test_remove_member" time="0.706" /><testcase classname="backend.tests.test_workspace_members.TestWorkspaceMemberCRUD" name="test_remove_nonexistent_member" time="0.329" /><testcase classname="backend.tests.test_workspace_members.TestMemberRoles" name="test_add_member_with_admin_role" time="0.599" /><testcase classname="backend.tests.test_workspace_members.TestMemberRoles" name="test_add_member_with_viewer_role" time="0.621" /><testcase classname="backend.tests.test_workspace_members.TestMemberRoles" name="test_add_member_default_role" time="0.571" /></testsuite></testsuites>