<?xml version="1.0" encoding="utf-8"?><testsuites name="pytest tests"><testsuite name="pytest" errors="0" failures="0" skipped="0" tests="12" time="5.136" timestamp="2026-03-19T19:44:00.013627+00:00" hostname="agent-env-1b443e38-5efa-4d3a-a360-fa959ddc96f3"><testcase classname="backend.tests.test_workspace_dashboard_widget.TestWorkspaceDashboardSummary" name="test_summary_returns_workspaces_for_existing_user" time="0.880" /><testcase classname="backend.tests.test_workspace_dashboard_widget.TestWorkspaceDashboardSummary" name="test_summary_workspace_has_required_fields" time="0.407" /><testcase classname="backend.tests.test_workspace_dashboard_widget.TestWorkspaceDashboardSummary" name="test_summary_returns_empty_for_nonexistent_user" time="0.269" /><testcase classname="backend.tests.test_workspace_dashboard_widget.TestWorkspaceDashboardSummary" name="test_summary_requires_user_id_parameter" time="0.162" /><testcase classname="backend.tests.test_workspace_dashboard_widget.TestWorkspaceDashboardSummary" name="test_summary_counts_are_non_negative" time="0.421" /><testcase classname="backend.tests.test_workspace_dashboard_widget.TestWorkspaceDashboardSummary" name="test_summary_includes_icon_field" time="0.444" /><testcase classname="backend.tests.test_workspace_dashboard_widget.TestWorkspaceDashboardSummary" name="test_summary_workspaces_sorted_by_priority" time="0.405" /><testcase classname="backend.tests.test_workspace_dashboard_widget.TestWorkspaceDashboardSummary" name="test_summary_admin_user_has_multiple_workspaces" time="0.406" /><testcase classname="backend.tests.test_workspace_dashboard_widget.TestWorkspaceDashboardSummary" name="test_summary_total_announcements_matches_sum" time="0.406" /><testcase classname="backend.tests.test_workspace_dashboard_widget.TestWorkspaceDashboardIntegration" name="test_workspace_scope_values" time="0.447" /><testcase classname="backend.tests.test_workspace_dashboard_widget.TestWorkspaceDashboardIntegration" name="test_member_count_is_at_least_one" time="0.398" /><testcase classname="backend.tests.test_workspace_dashboard_widget.TestWorkspaceDashboardIntegration" name="test_color_is_valid_hex" time="0.419" /></testsuite></testsuites>