<?xml version="1.0" encoding="utf-8"?><testsuites name="pytest tests"><testsuite name="pytest" errors="0" failures="0" skipped="0" tests="20" time="49.635" timestamp="2026-03-20T13:18:17.242590+00:00" hostname="agent-env-fcdddf8d-87e2-4d48-af2b-483acff5ba1e"><testcase classname="backend.tests.test_workspace_file_permissions.TestFilePermissionsEndpoint" name="test_01_get_file_permissions_returns_default_and_user_permission" time="44.052" /><testcase classname="backend.tests.test_workspace_file_permissions.TestFilePermissionsEndpoint" name="test_02_admin_user_gets_admin_permission" time="0.138" /><testcase classname="backend.tests.test_workspace_file_permissions.TestFilePermissionsEndpoint" name="test_03_get_permissions_nonexistent_workspace_returns_404" time="0.105" /><testcase classname="backend.tests.test_workspace_file_permissions.TestUpdateFilePermissions" name="test_01_admin_can_update_default_file_role_to_viewer" time="0.143" /><testcase classname="backend.tests.test_workspace_file_permissions.TestUpdateFilePermissions" name="test_02_admin_can_update_default_file_role_to_member" time="0.143" /><testcase classname="backend.tests.test_workspace_file_permissions.TestUpdateFilePermissions" name="test_03_invalid_default_file_role_returns_400" time="0.096" /><testcase classname="backend.tests.test_workspace_file_permissions.TestUpdateFilePermissions" name="test_04_non_admin_cannot_update_file_permissions" time="0.139" /><testcase classname="backend.tests.test_workspace_file_permissions.TestMemberFileRoleOverride" name="test_01_admin_can_set_member_file_role_override" time="0.432" /><testcase classname="backend.tests.test_workspace_file_permissions.TestMemberFileRoleOverride" name="test_02_invalid_file_role_returns_400" time="0.110" /><testcase classname="backend.tests.test_workspace_file_permissions.TestMemberFileRoleOverride" name="test_03_non_admin_cannot_set_member_file_role" time="0.141" /><testcase classname="backend.tests.test_workspace_file_permissions.TestMemberFileRoleOverride" name="test_04_set_file_role_nonexistent_member_returns_404" time="0.139" /><testcase classname="backend.tests.test_workspace_file_permissions.TestUploadPermissionEnforcement" name="test_01_admin_can_always_upload" time="0.978" /><testcase classname="backend.tests.test_workspace_file_permissions.TestUploadPermissionEnforcement" name="test_02_viewer_role_user_cannot_upload" time="0.142" /><testcase classname="backend.tests.test_workspace_file_permissions.TestDeletePermissionEnforcement" name="test_01_delete_requires_user_id_param" time="0.681" /><testcase classname="backend.tests.test_workspace_file_permissions.TestDeletePermissionEnforcement" name="test_02_admin_can_delete_any_file" time="0.654" /><testcase classname="backend.tests.test_workspace_file_permissions.TestDeletePermissionEnforcement" name="test_03_viewer_cannot_delete_files" time="0.866" /><testcase classname="backend.tests.test_workspace_file_permissions.TestPermissionHierarchy" name="test_01_verify_permission_hierarchy_via_permissions_endpoint" time="0.137" /><testcase classname="backend.tests.test_workspace_file_permissions.TestPermissionHierarchy" name="test_02_non_member_gets_viewer_permission" time="0.178" /><testcase classname="backend.tests.test_workspace_file_permissions.TestCleanup" name="test_cleanup_reset_default_role" time="0.137" /><testcase classname="backend.tests.test_workspace_file_permissions.TestCleanup" name="test_cleanup_delete_test_files" time="0.150" /></testsuite></testsuites>