<?xml version="1.0" encoding="utf-8"?><testsuites name="pytest tests"><testsuite name="pytest" errors="0" failures="0" skipped="0" tests="15" time="11.932" timestamp="2026-03-19T19:21:02.925649+00:00" hostname="agent-env-9b777df4-7f9b-4e18-906a-2a29875da724"><testcase classname="backend.tests.test_workspace_templates.TestWorkspaceTemplatesAPI" name="test_get_templates_returns_six" time="0.177" /><testcase classname="backend.tests.test_workspace_templates.TestWorkspaceTemplatesAPI" name="test_templates_have_required_fields" time="0.118" /><testcase classname="backend.tests.test_workspace_templates.TestWorkspaceTemplatesAPI" name="test_templates_do_not_expose_full_content" time="0.178" /><testcase classname="backend.tests.test_workspace_templates.TestWorkspaceTemplatesAPI" name="test_get_single_template_hr_department" time="0.149" /><testcase classname="backend.tests.test_workspace_templates.TestWorkspaceTemplatesAPI" name="test_get_template_not_found" time="0.149" /><testcase classname="backend.tests.test_workspace_templates.TestWorkspaceCreationWithTemplate" name="test_create_workspace_with_hr_template" time="1.066" /><testcase classname="backend.tests.test_workspace_templates.TestWorkspaceCreationWithTemplate" name="test_seeded_announcements_exist" time="1.368" /><testcase classname="backend.tests.test_workspace_templates.TestWorkspaceCreationWithTemplate" name="test_seeded_announcements_have_correct_pinned_flag" time="1.349" /><testcase classname="backend.tests.test_workspace_templates.TestWorkspaceCreationWithTemplate" name="test_seeded_approval_templates_in_db" time="1.744" /><testcase classname="backend.tests.test_workspace_templates.TestWorkspaceCreationWithTemplate" name="test_quick_links_saved_in_workspace_settings" time="0.776" /><testcase classname="backend.tests.test_workspace_templates.TestWorkspaceCreationWithTemplate" name="test_create_workspace_without_template" time="0.788" /><testcase classname="backend.tests.test_workspace_templates.TestWorkspaceCreationWithTemplate" name="test_general_template_minimal_seeding" time="1.330" /><testcase classname="backend.tests.test_workspace_templates.TestTemplateScope" name="test_hr_department_is_org_scope" time="0.120" /><testcase classname="backend.tests.test_workspace_templates.TestTemplateScope" name="test_project_team_is_team_scope" time="0.148" /><testcase classname="backend.tests.test_workspace_templates.TestTemplateScope" name="test_workspace_inherits_template_scope" time="2.369" /></testsuite></testsuites>