<?xml version="1.0" encoding="utf-8"?><testsuites name="pytest tests"><testsuite name="pytest" errors="0" failures="0" skipped="0" tests="17" time="45.974" timestamp="2026-03-19T18:57:10.939392+00:00" hostname="agent-env-9b777df4-7f9b-4e18-906a-2a29875da724"><testcase classname="backend.tests.test_workspace_enhancements.TestWorkspaceScope" name="test_create_workspace_with_team_scope" time="32.936" /><testcase classname="backend.tests.test_workspace_enhancements.TestWorkspaceScope" name="test_create_workspace_with_org_scope" time="0.564" /><testcase classname="backend.tests.test_workspace_enhancements.TestWorkspaceScope" name="test_create_workspace_default_scope" time="0.554" /><testcase classname="backend.tests.test_workspace_enhancements.TestWorkspaceStats" name="test_stats_endpoint_returns_all_fields" time="1.186" /><testcase classname="backend.tests.test_workspace_enhancements.TestWorkspaceStats" name="test_stats_member_count_includes_owner" time="1.078" /><testcase classname="backend.tests.test_workspace_enhancements.TestWorkspaceActivity" name="test_activity_endpoint_returns_activities_list" time="0.890" /><testcase classname="backend.tests.test_workspace_enhancements.TestWorkspaceActivity" name="test_activity_has_member_joined_event" time="0.932" /><testcase classname="backend.tests.test_workspace_enhancements.TestWorkspaceActivity" name="test_activity_limit_parameter" time="0.823" /><testcase classname="backend.tests.test_workspace_enhancements.TestWorkspaceAnnouncements" name="test_create_announcement" time="0.881" /><testcase classname="backend.tests.test_workspace_enhancements.TestWorkspaceAnnouncements" name="test_list_announcements" time="1.052" /><testcase classname="backend.tests.test_workspace_enhancements.TestWorkspaceAnnouncements" name="test_pinned_announcements_first" time="1.652" /><testcase classname="backend.tests.test_workspace_enhancements.TestWorkspaceAnnouncements" name="test_delete_announcement" time="1.230" /><testcase classname="backend.tests.test_workspace_enhancements.TestWorkspaceAnnouncements" name="test_delete_nonexistent_announcement_returns_404" time="0.842" /><testcase classname="backend.tests.test_workspace_enhancements.TestExistingWorkspaceHub" name="test_get_workspace_detail" time="0.198" /><testcase classname="backend.tests.test_workspace_enhancements.TestExistingWorkspaceHub" name="test_get_workspace_stats" time="0.497" /><testcase classname="backend.tests.test_workspace_enhancements.TestExistingWorkspaceHub" name="test_get_workspace_activity" time="0.307" /><testcase classname="backend.tests.test_workspace_enhancements.TestExistingWorkspaceHub" name="test_get_workspace_announcements" time="0.202" /></testsuite></testsuites>