<?xml version="1.0" encoding="utf-8"?><testsuites name="pytest tests"><testsuite name="pytest" errors="0" failures="0" skipped="0" tests="11" time="5.720" timestamp="2026-03-20T12:59:24.163937+00:00" hostname="agent-env-fcdddf8d-87e2-4d48-af2b-483acff5ba1e"><testcase classname="tests.test_workspace_files.TestWorkspaceFilesAPI" name="test_01_list_workspace_files_empty_or_existing" time="0.781" /><testcase classname="tests.test_workspace_files.TestWorkspaceFilesAPI" name="test_02_upload_file_to_workspace" time="0.976" /><testcase classname="tests.test_workspace_files.TestWorkspaceFilesAPI" name="test_03_verify_uploaded_file_in_list" time="0.165" /><testcase classname="tests.test_workspace_files.TestWorkspaceFilesAPI" name="test_04_download_workspace_file" time="0.186" /><testcase classname="tests.test_workspace_files.TestWorkspaceFilesAPI" name="test_05_download_nonexistent_file" time="0.105" /><testcase classname="tests.test_workspace_files.TestWorkspaceFilesAPI" name="test_06_delete_workspace_file" time="0.240" /><testcase classname="tests.test_workspace_files.TestWorkspaceFilesAPI" name="test_07_verify_file_deleted_from_list" time="0.144" /><testcase classname="tests.test_workspace_files.TestWorkspaceFilesAPI" name="test_08_delete_nonexistent_file" time="0.099" /><testcase classname="tests.test_workspace_files.TestWorkspaceFileIsolation" name="test_01_file_not_in_different_workspace" time="0.924" /><testcase classname="tests.test_workspace_files.TestWorkspaceStatsFileCount" name="test_01_stats_include_file_count" time="1.908" /><testcase classname="tests.test_workspace_files.TestUploadToNonexistentWorkspace" name="test_01_upload_to_nonexistent_workspace" time="0.107" /></testsuite></testsuites>