<?xml version="1.0" encoding="utf-8"?><testsuites name="pytest tests"><testsuite name="pytest" errors="0" failures="0" skipped="0" tests="12" time="8.780" timestamp="2026-03-23T14:50:06.521697+00:00" hostname="agent-env-9360a946-0384-4fa9-98a9-5b449b501d46"><testcase classname="backend.tests.test_workspace_forms.TestFormTemplates" name="test_get_form_templates_returns_list_with_is_admin" time="0.871" /><testcase classname="backend.tests.test_workspace_forms.TestFormTemplates" name="test_maintenance_form_auto_seeded" time="0.260" /><testcase classname="backend.tests.test_workspace_forms.TestFormTemplates" name="test_create_form_template_admin" time="0.247" /><testcase classname="backend.tests.test_workspace_forms.TestFormTemplates" name="test_update_form_template_admin" time="1.019" /><testcase classname="backend.tests.test_workspace_forms.TestFormTemplates" name="test_delete_form_template_admin" time="0.978" /><testcase classname="backend.tests.test_workspace_forms.TestFormSubmissions" name="test_submit_form" time="0.492" /><testcase classname="backend.tests.test_workspace_forms.TestFormSubmissions" name="test_get_form_submissions_admin_sees_all" time="0.651" /><testcase classname="backend.tests.test_workspace_forms.TestFormSubmissions" name="test_get_form_submissions_filter_by_template" time="0.525" /><testcase classname="backend.tests.test_workspace_forms.TestFormSubmissions" name="test_get_single_submission_detail" time="0.648" /><testcase classname="backend.tests.test_workspace_forms.TestFormSubmissions" name="test_non_member_cannot_submit" time="0.471" /><testcase classname="backend.tests.test_workspace_forms.TestFormFieldTypes" name="test_all_field_types_in_template" time="0.711" /><testcase classname="backend.tests.test_workspace_forms.TestCleanup" name="test_cleanup_test_templates" time="1.825" /></testsuite></testsuites>